<?xml version="1.0" encoding="UTF-8"?>
<!-- Generated by org.testng.reporters.JUnitXMLReporter -->
<testsuite ignored="0" hostname="DESKTOP-TOCA723" failures="0" tests="6" name="Default test" time="0.104" errors="0" timestamp="2023-12-02T12:47:53 IST">
  <testcase classname="testNGAnnotations_Flags.Flag4" name="k" time="0.013"/>
  <testcase classname="testNGAnnotations_Flags.Flag4" name="s" time="0.004"/>
  <testcase classname="testNGAnnotations_Flags.Flag4" name="a" time="0.003"/>
  <testcase classname="testNGAnnotations_Flags.Flag4" name="f" time="0.002"/>
  <testcase classname="testNGAnnotations_Flags.Flag4" name="p" time="0.002"/>
  <testcase classname="testNGAnnotations_Flags.Flag4" name="h" time="0.001"/>
</testsuite> <!-- Default test -->
