<?xml version="1.0" encoding="UTF-8"?>
<!-- Generated by org.testng.reporters.JUnitXMLReporter -->
<testsuite ignored="0" hostname="DESKTOP-TOCA723" failures="0" tests="6" name="Test" time="0.16" errors="0" timestamp="2023-11-30T12:10:33 IST">
  <testcase classname="testNGExecutionpackage.Test2" name="method1" time="0.029"/>
  <testcase classname="testNGExecutionpackage.Test3" name="method2" time="0.003"/>
  <testcase classname="testNGExecutionpackage.Test3" name="method1" time="0.024"/>
  <testcase classname="testNGExecutionpackage.Test2" name="method2" time="0.025"/>
  <testcase classname="testNGExecutionpackage.Test1" name="method1" time="0.024"/>
  <testcase classname="testNGExecutionpackage.Test1" name="method2" time="0.024"/>
</testsuite> <!-- Test -->
