<?xml version="1.0" encoding="UTF-8"?>
<!-- Generated by org.testng.reporters.JUnitXMLReporter -->
<testsuite ignored="1" hostname="DESKTOP-TOCA723" failures="1" tests="1" name="Test(failed)" time="0.078" errors="0" timestamp="2023-11-29T12:17:35 IST">
  <testcase classname="testNGExecutionpackage.Test2" name="method1" time="0.01">
    <failure type="java.lang.ArithmeticException" message="/ by zero">
      <![CDATA[java.lang.ArithmeticException: / by zero
at testNGExecutionpackage.Test2.method1(Test2.java:11)
at java.base/java.util.ArrayList.forEach(ArrayList.java:1511)
... Removed 27 stack frames]]>
    </failure>
  </testcase> <!-- method1 -->
  <testcase classname="testNGExecutionpackage.Test2" name="method2" time="0.0">
    <ignored/>
  </testcase> <!-- method2 -->
</testsuite> <!-- Test(failed) -->
