<?xml version="1.0" encoding="UTF-8"?>
<!-- Generated by org.testng.reporters.JUnitReportReporter -->
<testsuite hostname="DESKTOP-TOCA723" failures="0" tests="1000" name="testNGAnnotations_Flags.Flag3" time="0.708" errors="0" timestamp="2023-12-02T12:29:34 IST" skipped="0">
  <testcase classname="testNGAnnotations_Flags.Flag3" name="method1" time="0.001">
    <system-out>
      <![CDATA[Login!!!]]>
    </system-out>
  </testcase> <!-- method1 -->
  <testcase classname="testNGAnnotations_Flags.Flag3" name="method1" time="0.000">
    <system-out>
      <![CDATA[Login!!!]]>
    </system-out>
  </testcase> <!-- method1 -->
  <testcase classname="testNGAnnotations_Flags.Flag3" name="method1" time="0.001">
    <system-out>
      <![CDATA[Login!!!]]>
    </system-out>
  </testcase> <!-- method1 -->
  <testcase classname="testNGAnnotations_Flags.Flag3" name="method1" time="0.000">
    <system-out>
      <![CDATA[Login!!!]]>
    </system-out>
  </testcase> <!-- method1 -->
  <testcase classname="testNGAnnotations_Flags.Flag3" name="method1" time="0.000">
    <system-out>
      <![CDATA[Login!!!]]>
    </system-out>
  </testcase> <!-- method1 -->
  <testcase classname="testNGAnnotations_Flags.Flag3" name="method1" time="0.000">
    <system-out>
      <![CDATA[Login!!!]]>
    </system-out>
  </testcase> <!-- method1 -->
  <testcase classname="testNGAnnotations_Flags.Flag3" name="method1" time="0.000">
    <system-out>
      <![CDATA[Login!!!]]>
    </system-out>
  </testcase> <!-- method1 -->
  <testcase classname="testNGAnnotations_Flags.Flag3" name="method1" time="0.001">
    <system-out>
      <![CDATA[Login!!!]]>
    </system-out>
  </testcase> <!-- method1 -->
  <testcase classname="testNGAnnotations_Flags.Flag3" name="method1" time="0.001">
    <system-out>
      <![CDATA[Login!!!]]>
    </system-out>
  </testcase> <!-- method1 -->
  <testcase classname="testNGAnnotations_Flags.Flag3" name="method1" time="0.003">
    <system-out>
      <![CDATA[Login!!!]]>
    </system-out>
  </testcase> <!-- method1 -->
  <testcase classname="testNGAnnotations_Flags.Flag3" name="method1" time="0.000">
    <system-out>
      <![CDATA[Login!!!]]>
    </system-out>
  </testcase> <!-- method1 -->
  <testcase classname="testNGAnnotations_Flags.Flag3" name="method1" time="0.000">
    <system-out>
      <![CDATA[Login!!!]]>
    </system-out>
  </testcase> <!-- method1 -->
  <testcase classname="testNGAnnotations_Flags.Flag3" name="method1" time="0.001">
    <system-out>
      <![CDATA[Login!!!]]>
    </system-out>
  </testcase> <!-- method1 -->
  <testcase classname="testNGAnnotations_Flags.Flag3" name="method1" time="0.000">
    <system-out>
      <![CDATA[Login!!!]]>
    </system-out>
  </testcase> <!-- method1 -->
  <testcase classname="testNGAnnotations_Flags.Flag3" name="method1" time="0.000">
    <system-out>
      <![CDATA[Login!!!]]>
    </system-out>
  </testcase> <!-- method1 -->
  <testcase classname="testNGAnnotations_Flags.Flag3" name="method1" time="0.009">
    <system-out>
      <![CDATA[Login!!!]]>
    </system-out>
  </testcase> <!-- method1 -->
  <testcase classname="testNGAnnotations_Flags.Flag3" name="method1" time="0.000">
    <system-out>
      <![CDATA[Login!!!]]>
    </system-out>
  </testcase> <!-- method1 -->
  <testcase classname="testNGAnnotations_Flags.Flag3" name="method1" time="0.000">
    <system-out>
      <![CDATA[Login!!!]]>
    </system-out>
  </testcase> <!-- method1 -->
  <testcase classname="testNGAnnotations_Flags.Flag3" name="method1" time="0.000">
    <system-out>
      <![CDATA[Login!!!]]>
    </system-out>
  </testcase> <!-- method1 -->
  <testcase classname="testNGAnnotations_Flags.Flag3" name="method1" time="0.001">
    <system-out>
      <![CDATA[Login!!!]]>
    </system-out>
  </testcase> <!-- method1 -->
  <testcase classname="testNGAnnotations_Flags.Flag3" name="method1" time="0.000">
    <system-out>
      <![CDATA[Login!!!]]>
    </system-out>
  </testcase> <!-- method1 -->
  <testcase classname="testNGAnnotations_Flags.Flag3" name="method1" time="0.000">
    <system-out>
      <![CDATA[Login!!!]]>
    </system-out>
  </testcase> <!-- method1 -->
  <testcase classname="testNGAnnotations_Flags.Flag3" name="method1" time="0.001">
    <system-out>
      <![CDATA[Login!!!]]>
    </system-out>
  </testcase> <!-- method1 -->
  <testcase classname="testNGAnnotations_Flags.Flag3" name="method1" time="0.000">
    <system-out>
      <![CDATA[Login!!!]]>
    </system-out>
  </testcase> <!-- method1 -->
  <testcase classname="testNGAnnotations_Flags.Flag3" name="method1" time="0.000">
    <system-out>
      <![CDATA[Login!!!]]>
    </system-out>
  </testcase> <!-- method1 -->
  <testcase classname="testNGAnnotations_Flags.Flag3" name="method1" time="0.000">
    <system-out>
      <![CDATA[Login!!!]]>
    </system-out>
  </testcase> <!-- method1 -->
  <testcase classname="testNGAnnotations_Flags.Flag3" name="method1" time="0.015">
    <system-out>
      <![CDATA[Login!!!]]>
    </system-out>
  </testcase> <!-- method1 -->
  <testcase classname="testNGAnnotations_Flags.Flag3" name="method1" time="0.001">
    <system-out>
      <![CDATA[Login!!!]]>
    </system-out>
  </testcase> <!-- method1 -->
  <testcase classname="testNGAnnotations_Flags.Flag3" name="method1" time="0.000">
    <system-out>
      <![CDATA[Login!!!]]>
    </system-out>
  </testcase> <!-- method1 -->
  <testcase classname="testNGAnnotations_Flags.Flag3" name="method1" time="0.000">
    <system-out>
      <![CDATA[Login!!!]]>
    </system-out>
  </testcase> <!-- method1 -->
  <testcase classname="testNGAnnotations_Flags.Flag3" name="method1" time="0.000">
    <system-out>
      <![CDATA[Login!!!]]>
    </system-out>
  </testcase> <!-- method1 -->
  <testcase classname="testNGAnnotations_Flags.Flag3" name="method1" time="0.003">
    <system-out>
      <![CDATA[Login!!!]]>
    </system-out>
  </testcase> <!-- method1 -->
  <testcase classname="testNGAnnotations_Flags.Flag3" name="method1" time="0.001">
    <system-out>
      <![CDATA[Login!!!]]>
    </system-out>
  </testcase> <!-- method1 -->
  <testcase classname="testNGAnnotations_Flags.Flag3" name="method1" time="0.000">
    <system-out>
      <![CDATA[Login!!!]]>
    </system-out>
  </testcase> <!-- method1 -->
  <testcase classname="testNGAnnotations_Flags.Flag3" name="method1" time="0.001">
    <system-out>
      <![CDATA[Login!!!]]>
    </system-out>
  </testcase> <!-- method1 -->
  <testcase classname="testNGAnnotations_Flags.Flag3" name="method1" time="0.000">
    <system-out>
      <![CDATA[Login!!!]]>
    </system-out>
  </testcase> <!-- method1 -->
  <testcase classname="testNGAnnotations_Flags.Flag3" name="method1" time="0.000">
    <system-out>
      <![CDATA[Login!!!]]>
    </system-out>
  </testcase> <!-- method1 -->
  <testcase classname="testNGAnnotations_Flags.Flag3" name="method1" time="0.000">
    <system-out>
      <![CDATA[Login!!!]]>
    </system-out>
  </testcase> <!-- method1 -->
  <testcase classname="testNGAnnotations_Flags.Flag3" name="method1" time="0.000">
    <system-out>
      <![CDATA[Login!!!]]>
    </system-out>
  </testcase> <!-- method1 -->
  <testcase classname="testNGAnnotations_Flags.Flag3" name="method1" time="0.001">
    <system-out>
      <![CDATA[Login!!!]]>
    </system-out>
  </testcase> <!-- method1 -->
  <testcase classname="testNGAnnotations_Flags.Flag3" name="method1" time="0.001">
    <system-out>
      <![CDATA[Login!!!]]>
    </system-out>
  </testcase> <!-- method1 -->
  <testcase classname="testNGAnnotations_Flags.Flag3" name="method1" time="0.002">
    <system-out>
      <![CDATA[Login!!!]]>
    </system-out>
  </testcase> <!-- method1 -->
  <testcase classname="testNGAnnotations_Flags.Flag3" name="method1" time="0.000">
    <system-out>
      <![CDATA[Login!!!]]>
    </system-out>
  </testcase> <!-- method1 -->
  <testcase classname="testNGAnnotations_Flags.Flag3" name="method1" time="0.000">
    <system-out>
      <![CDATA[Login!!!]]>
    </system-out>
  </testcase> <!-- method1 -->
  <testcase classname="testNGAnnotations_Flags.Flag3" name="method1" time="0.002">
    <system-out>
      <![CDATA[Login!!!]]>
    </system-out>
  </testcase> <!-- method1 -->
  <testcase classname="testNGAnnotations_Flags.Flag3" name="method1" time="0.000">
    <system-out>
      <![CDATA[Login!!!]]>
    </system-out>
  </testcase> <!-- method1 -->
  <testcase classname="testNGAnnotations_Flags.Flag3" name="method1" time="0.001">
    <system-out>
      <![CDATA[Login!!!]]>
    </system-out>
  </testcase> <!-- method1 -->
  <testcase classname="testNGAnnotations_Flags.Flag3" name="method1" time="0.001">
    <system-out>
      <![CDATA[Login!!!]]>
    </system-out>
  </testcase> <!-- method1 -->
  <testcase classname="testNGAnnotations_Flags.Flag3" name="method1" time="0.000">
    <system-out>
      <![CDATA[Login!!!]]>
    </system-out>
  </testcase> <!-- method1 -->
  <testcase classname="testNGAnnotations_Flags.Flag3" name="method1" time="0.001">
    <system-out>
      <![CDATA[Login!!!]]>
    </system-out>
  </testcase> <!-- method1 -->
  <testcase classname="testNGAnnotations_Flags.Flag3" name="method1" time="0.000">
    <system-out>
      <![CDATA[Login!!!]]>
    </system-out>
  </testcase> <!-- method1 -->
  <testcase classname="testNGAnnotations_Flags.Flag3" name="method1" time="0.000">
    <system-out>
      <![CDATA[Login!!!]]>
    </system-out>
  </testcase> <!-- method1 -->
  <testcase classname="testNGAnnotations_Flags.Flag3" name="method1" time="0.000">
    <system-out>
      <![CDATA[Login!!!]]>
    </system-out>
  </testcase> <!-- method1 -->
  <testcase classname="testNGAnnotations_Flags.Flag3" name="method1" time="0.001">
    <system-out>
      <![CDATA[Login!!!]]>
    </system-out>
  </testcase> <!-- method1 -->
  <testcase classname="testNGAnnotations_Flags.Flag3" name="method1" time="0.001">
    <system-out>
      <![CDATA[Login!!!]]>
    </system-out>
  </testcase> <!-- method1 -->
  <testcase classname="testNGAnnotations_Flags.Flag3" name="method1" time="0.000">
    <system-out>
      <![CDATA[Login!!!]]>
    </system-out>
  </testcase> <!-- method1 -->
  <testcase classname="testNGAnnotations_Flags.Flag3" name="method1" time="0.000">
    <system-out>
      <![CDATA[Login!!!]]>
    </system-out>
  </testcase> <!-- method1 -->
  <testcase classname="testNGAnnotations_Flags.Flag3" name="method1" time="0.001">
    <system-out>
      <![CDATA[Login!!!]]>
    </system-out>
  </testcase> <!-- method1 -->
  <testcase classname="testNGAnnotations_Flags.Flag3" name="method1" time="0.000">
    <system-out>
      <![CDATA[Login!!!]]>
    </system-out>
  </testcase> <!-- method1 -->
  <testcase classname="testNGAnnotations_Flags.Flag3" name="method1" time="0.000">
    <system-out>
      <![CDATA[Login!!!]]>
    </system-out>
  </testcase> <!-- method1 -->
  <testcase classname="testNGAnnotations_Flags.Flag3" name="method1" time="0.002">
    <system-out>
      <![CDATA[Login!!!]]>
    </system-out>
  </testcase> <!-- method1 -->
  <testcase classname="testNGAnnotations_Flags.Flag3" name="method1" time="0.000">
    <system-out>
      <![CDATA[Login!!!]]>
    </system-out>
  </testcase> <!-- method1 -->
  <testcase classname="testNGAnnotations_Flags.Flag3" name="method1" time="0.000">
    <system-out>
      <![CDATA[Login!!!]]>
    </system-out>
  </testcase> <!-- method1 -->
  <testcase classname="testNGAnnotations_Flags.Flag3" name="method1" time="0.001">
    <system-out>
      <![CDATA[Login!!!]]>
    </system-out>
  </testcase> <!-- method1 -->
  <testcase classname="testNGAnnotations_Flags.Flag3" name="method1" time="0.000">
    <system-out>
      <![CDATA[Login!!!]]>
    </system-out>
  </testcase> <!-- method1 -->
  <testcase classname="testNGAnnotations_Flags.Flag3" name="method1" time="0.002">
    <system-out>
      <![CDATA[Login!!!]]>
    </system-out>
  </testcase> <!-- method1 -->
  <testcase classname="testNGAnnotations_Flags.Flag3" name="method1" time="0.000">
    <system-out>
      <![CDATA[Login!!!]]>
    </system-out>
  </testcase> <!-- method1 -->
  <testcase classname="testNGAnnotations_Flags.Flag3" name="method1" time="0.000">
    <system-out>
      <![CDATA[Login!!!]]>
    </system-out>
  </testcase> <!-- method1 -->
  <testcase classname="testNGAnnotations_Flags.Flag3" name="method1" time="0.001">
    <system-out>
      <![CDATA[Login!!!]]>
    </system-out>
  </testcase> <!-- method1 -->
  <testcase classname="testNGAnnotations_Flags.Flag3" name="method1" time="0.000">
    <system-out>
      <![CDATA[Login!!!]]>
    </system-out>
  </testcase> <!-- method1 -->
  <testcase classname="testNGAnnotations_Flags.Flag3" name="method1" time="0.001">
    <system-out>
      <![CDATA[Login!!!]]>
    </system-out>
  </testcase> <!-- method1 -->
  <testcase classname="testNGAnnotations_Flags.Flag3" name="method1" time="0.001">
    <system-out>
      <![CDATA[Login!!!]]>
    </system-out>
  </testcase> <!-- method1 -->
  <testcase classname="testNGAnnotations_Flags.Flag3" name="method1" time="0.001">
    <system-out>
      <![CDATA[Login!!!]]>
    </system-out>
  </testcase> <!-- method1 -->
  <testcase classname="testNGAnnotations_Flags.Flag3" name="method1" time="0.000">
    <system-out>
      <![CDATA[Login!!!]]>
    </system-out>
  </testcase> <!-- method1 -->
  <testcase classname="testNGAnnotations_Flags.Flag3" name="method1" time="0.001">
    <system-out>
      <![CDATA[Login!!!]]>
    </system-out>
  </testcase> <!-- method1 -->
  <testcase classname="testNGAnnotations_Flags.Flag3" name="method1" time="0.000">
    <system-out>
      <![CDATA[Login!!!]]>
    </system-out>
  </testcase> <!-- method1 -->
  <testcase classname="testNGAnnotations_Flags.Flag3" name="method1" time="0.000">
    <system-out>
      <![CDATA[Login!!!]]>
    </system-out>
  </testcase> <!-- method1 -->
  <testcase classname="testNGAnnotations_Flags.Flag3" name="method1" time="0.000">
    <system-out>
      <![CDATA[Login!!!]]>
    </system-out>
  </testcase> <!-- method1 -->
  <testcase classname="testNGAnnotations_Flags.Flag3" name="method1" time="0.000">
    <system-out>
      <![CDATA[Login!!!]]>
    </system-out>
  </testcase> <!-- method1 -->
  <testcase classname="testNGAnnotations_Flags.Flag3" name="method1" time="0.001">
    <system-out>
      <![CDATA[Login!!!]]>
    </system-out>
  </testcase> <!-- method1 -->
  <testcase classname="testNGAnnotations_Flags.Flag3" name="method1" time="0.000">
    <system-out>
      <![CDATA[Login!!!]]>
    </system-out>
  </testcase> <!-- method1 -->
  <testcase classname="testNGAnnotations_Flags.Flag3" name="method1" time="0.000">
    <system-out>
      <![CDATA[Login!!!]]>
    </system-out>
  </testcase> <!-- method1 -->
  <testcase classname="testNGAnnotations_Flags.Flag3" name="method1" time="0.000">
    <system-out>
      <![CDATA[Login!!!]]>
    </system-out>
  </testcase> <!-- method1 -->
  <testcase classname="testNGAnnotations_Flags.Flag3" name="method1" time="0.004">
    <system-out>
      <![CDATA[Login!!!]]>
    </system-out>
  </testcase> <!-- method1 -->
  <testcase classname="testNGAnnotations_Flags.Flag3" name="method1" time="0.000">
    <system-out>
      <![CDATA[Login!!!]]>
    </system-out>
  </testcase> <!-- method1 -->
  <testcase classname="testNGAnnotations_Flags.Flag3" name="method1" time="0.001">
    <system-out>
      <![CDATA[Login!!!]]>
    </system-out>
  </testcase> <!-- method1 -->
  <testcase classname="testNGAnnotations_Flags.Flag3" name="method1" time="0.000">
    <system-out>
      <![CDATA[Login!!!]]>
    </system-out>
  </testcase> <!-- method1 -->
  <testcase classname="testNGAnnotations_Flags.Flag3" name="method1" time="0.001">
    <system-out>
      <![CDATA[Login!!!]]>
    </system-out>
  </testcase> <!-- method1 -->
  <testcase classname="testNGAnnotations_Flags.Flag3" name="method1" time="0.001">
    <system-out>
      <![CDATA[Login!!!]]>
    </system-out>
  </testcase> <!-- method1 -->
  <testcase classname="testNGAnnotations_Flags.Flag3" name="method1" time="0.002">
    <system-out>
      <![CDATA[Login!!!]]>
    </system-out>
  </testcase> <!-- method1 -->
  <testcase classname="testNGAnnotations_Flags.Flag3" name="method1" time="0.000">
    <system-out>
      <![CDATA[Login!!!]]>
    </system-out>
  </testcase> <!-- method1 -->
  <testcase classname="testNGAnnotations_Flags.Flag3" name="method1" time="0.000">
    <system-out>
      <![CDATA[Login!!!]]>
    </system-out>
  </testcase> <!-- method1 -->
  <testcase classname="testNGAnnotations_Flags.Flag3" name="method1" time="0.001">
    <system-out>
      <![CDATA[Login!!!]]>
    </system-out>
  </testcase> <!-- method1 -->
  <testcase classname="testNGAnnotations_Flags.Flag3" name="method1" time="0.000">
    <system-out>
      <![CDATA[Login!!!]]>
    </system-out>
  </testcase> <!-- method1 -->
  <testcase classname="testNGAnnotations_Flags.Flag3" name="method1" time="0.000">
    <system-out>
      <![CDATA[Login!!!]]>
    </system-out>
  </testcase> <!-- method1 -->
  <testcase classname="testNGAnnotations_Flags.Flag3" name="method1" time="0.000">
    <system-out>
      <![CDATA[Login!!!]]>
    </system-out>
  </testcase> <!-- method1 -->
  <testcase classname="testNGAnnotations_Flags.Flag3" name="method1" time="0.000">
    <system-out>
      <![CDATA[Login!!!]]>
    </system-out>
  </testcase> <!-- method1 -->
  <testcase classname="testNGAnnotations_Flags.Flag3" name="method1" time="0.001">
    <system-out>
      <![CDATA[Login!!!]]>
    </system-out>
  </testcase> <!-- method1 -->
  <testcase classname="testNGAnnotations_Flags.Flag3" name="method1" time="0.000">
    <system-out>
      <![CDATA[Login!!!]]>
    </system-out>
  </testcase> <!-- method1 -->
  <testcase classname="testNGAnnotations_Flags.Flag3" name="method1" time="0.000">
    <system-out>
      <![CDATA[Login!!!]]>
    </system-out>
  </testcase> <!-- method1 -->
  <testcase classname="testNGAnnotations_Flags.Flag3" name="method1" time="0.001">
    <system-out>
      <![CDATA[Login!!!]]>
    </system-out>
  </testcase> <!-- method1 -->
  <testcase classname="testNGAnnotations_Flags.Flag3" name="method1" time="0.000">
    <system-out>
      <![CDATA[Login!!!]]>
    </system-out>
  </testcase> <!-- method1 -->
  <testcase classname="testNGAnnotations_Flags.Flag3" name="method1" time="0.001">
    <system-out>
      <![CDATA[Login!!!]]>
    </system-out>
  </testcase> <!-- method1 -->
  <testcase classname="testNGAnnotations_Flags.Flag3" name="method1" time="0.001">
    <system-out>
      <![CDATA[Login!!!]]>
    </system-out>
  </testcase> <!-- method1 -->
  <testcase classname="testNGAnnotations_Flags.Flag3" name="method1" time="0.000">
    <system-out>
      <![CDATA[Login!!!]]>
    </system-out>
  </testcase> <!-- method1 -->
  <testcase classname="testNGAnnotations_Flags.Flag3" name="method1" time="0.000">
    <system-out>
      <![CDATA[Login!!!]]>
    </system-out>
  </testcase> <!-- method1 -->
  <testcase classname="testNGAnnotations_Flags.Flag3" name="method1" time="0.000">
    <system-out>
      <![CDATA[Login!!!]]>
    </system-out>
  </testcase> <!-- method1 -->
  <testcase classname="testNGAnnotations_Flags.Flag3" name="method1" time="0.001">
    <system-out>
      <![CDATA[Login!!!]]>
    </system-out>
  </testcase> <!-- method1 -->
  <testcase classname="testNGAnnotations_Flags.Flag3" name="method1" time="0.000">
    <system-out>
      <![CDATA[Login!!!]]>
    </system-out>
  </testcase> <!-- method1 -->
  <testcase classname="testNGAnnotations_Flags.Flag3" name="method1" time="0.000">
    <system-out>
      <![CDATA[Login!!!]]>
    </system-out>
  </testcase> <!-- method1 -->
  <testcase classname="testNGAnnotations_Flags.Flag3" name="method1" time="0.000">
    <system-out>
      <![CDATA[Login!!!]]>
    </system-out>
  </testcase> <!-- method1 -->
  <testcase classname="testNGAnnotations_Flags.Flag3" name="method1" time="0.001">
    <system-out>
      <![CDATA[Login!!!]]>
    </system-out>
  </testcase> <!-- method1 -->
  <testcase classname="testNGAnnotations_Flags.Flag3" name="method1" time="0.002">
    <system-out>
      <![CDATA[Login!!!]]>
    </system-out>
  </testcase> <!-- method1 -->
  <testcase classname="testNGAnnotations_Flags.Flag3" name="method1" time="0.000">
    <system-out>
      <![CDATA[Login!!!]]>
    </system-out>
  </testcase> <!-- method1 -->
  <testcase classname="testNGAnnotations_Flags.Flag3" name="method1" time="0.001">
    <system-out>
      <![CDATA[Login!!!]]>
    </system-out>
  </testcase> <!-- method1 -->
  <testcase classname="testNGAnnotations_Flags.Flag3" name="method1" time="0.000">
    <system-out>
      <![CDATA[Login!!!]]>
    </system-out>
  </testcase> <!-- method1 -->
  <testcase classname="testNGAnnotations_Flags.Flag3" name="method1" time="0.000">
    <system-out>
      <![CDATA[Login!!!]]>
    </system-out>
  </testcase> <!-- method1 -->
  <testcase classname="testNGAnnotations_Flags.Flag3" name="method1" time="0.001">
    <system-out>
      <![CDATA[Login!!!]]>
    </system-out>
  </testcase> <!-- method1 -->
  <testcase classname="testNGAnnotations_Flags.Flag3" name="method1" time="0.001">
    <system-out>
      <![CDATA[Login!!!]]>
    </system-out>
  </testcase> <!-- method1 -->
  <testcase classname="testNGAnnotations_Flags.Flag3" name="method1" time="0.000">
    <system-out>
      <![CDATA[Login!!!]]>
    </system-out>
  </testcase> <!-- method1 -->
  <testcase classname="testNGAnnotations_Flags.Flag3" name="method1" time="0.000">
    <system-out>
      <![CDATA[Login!!!]]>
    </system-out>
  </testcase> <!-- method1 -->
  <testcase classname="testNGAnnotations_Flags.Flag3" name="method1" time="0.001">
    <system-out>
      <![CDATA[Login!!!]]>
    </system-out>
  </testcase> <!-- method1 -->
  <testcase classname="testNGAnnotations_Flags.Flag3" name="method1" time="0.002">
    <system-out>
      <![CDATA[Login!!!]]>
    </system-out>
  </testcase> <!-- method1 -->
  <testcase classname="testNGAnnotations_Flags.Flag3" name="method1" time="0.000">
    <system-out>
      <![CDATA[Login!!!]]>
    </system-out>
  </testcase> <!-- method1 -->
  <testcase classname="testNGAnnotations_Flags.Flag3" name="method1" time="0.001">
    <system-out>
      <![CDATA[Login!!!]]>
    </system-out>
  </testcase> <!-- method1 -->
  <testcase classname="testNGAnnotations_Flags.Flag3" name="method1" time="0.000">
    <system-out>
      <![CDATA[Login!!!]]>
    </system-out>
  </testcase> <!-- method1 -->
  <testcase classname="testNGAnnotations_Flags.Flag3" name="method1" time="0.001">
    <system-out>
      <![CDATA[Login!!!]]>
    </system-out>
  </testcase> <!-- method1 -->
  <testcase classname="testNGAnnotations_Flags.Flag3" name="method1" time="0.000">
    <system-out>
      <![CDATA[Login!!!]]>
    </system-out>
  </testcase> <!-- method1 -->
  <testcase classname="testNGAnnotations_Flags.Flag3" name="method1" time="0.012">
    <system-out>
      <![CDATA[Login!!!]]>
    </system-out>
  </testcase> <!-- method1 -->
  <testcase classname="testNGAnnotations_Flags.Flag3" name="method1" time="0.012">
    <system-out>
      <![CDATA[Login!!!]]>
    </system-out>
  </testcase> <!-- method1 -->
  <testcase classname="testNGAnnotations_Flags.Flag3" name="method1" time="0.000">
    <system-out>
      <![CDATA[Login!!!]]>
    </system-out>
  </testcase> <!-- method1 -->
  <testcase classname="testNGAnnotations_Flags.Flag3" name="method1" time="0.000">
    <system-out>
      <![CDATA[Login!!!]]>
    </system-out>
  </testcase> <!-- method1 -->
  <testcase classname="testNGAnnotations_Flags.Flag3" name="method1" time="0.025">
    <system-out>
      <![CDATA[Login!!!]]>
    </system-out>
  </testcase> <!-- method1 -->
  <testcase classname="testNGAnnotations_Flags.Flag3" name="method1" time="0.000">
    <system-out>
      <![CDATA[Login!!!]]>
    </system-out>
  </testcase> <!-- method1 -->
  <testcase classname="testNGAnnotations_Flags.Flag3" name="method1" time="0.000">
    <system-out>
      <![CDATA[Login!!!]]>
    </system-out>
  </testcase> <!-- method1 -->
  <testcase classname="testNGAnnotations_Flags.Flag3" name="method1" time="0.000">
    <system-out>
      <![CDATA[Login!!!]]>
    </system-out>
  </testcase> <!-- method1 -->
  <testcase classname="testNGAnnotations_Flags.Flag3" name="method1" time="0.000">
    <system-out>
      <![CDATA[Login!!!]]>
    </system-out>
  </testcase> <!-- method1 -->
  <testcase classname="testNGAnnotations_Flags.Flag3" name="method1" time="0.000">
    <system-out>
      <![CDATA[Login!!!]]>
    </system-out>
  </testcase> <!-- method1 -->
  <testcase classname="testNGAnnotations_Flags.Flag3" name="method1" time="0.001">
    <system-out>
      <![CDATA[Login!!!]]>
    </system-out>
  </testcase> <!-- method1 -->
  <testcase classname="testNGAnnotations_Flags.Flag3" name="method1" time="0.000">
    <system-out>
      <![CDATA[Login!!!]]>
    </system-out>
  </testcase> <!-- method1 -->
  <testcase classname="testNGAnnotations_Flags.Flag3" name="method1" time="0.000">
    <system-out>
      <![CDATA[Login!!!]]>
    </system-out>
  </testcase> <!-- method1 -->
  <testcase classname="testNGAnnotations_Flags.Flag3" name="method1" time="0.000">
    <system-out>
      <![CDATA[Login!!!]]>
    </system-out>
  </testcase> <!-- method1 -->
  <testcase classname="testNGAnnotations_Flags.Flag3" name="method1" time="0.001">
    <system-out>
      <![CDATA[Login!!!]]>
    </system-out>
  </testcase> <!-- method1 -->
  <testcase classname="testNGAnnotations_Flags.Flag3" name="method1" time="0.000">
    <system-out>
      <![CDATA[Login!!!]]>
    </system-out>
  </testcase> <!-- method1 -->
  <testcase classname="testNGAnnotations_Flags.Flag3" name="method1" time="0.000">
    <system-out>
      <![CDATA[Login!!!]]>
    </system-out>
  </testcase> <!-- method1 -->
  <testcase classname="testNGAnnotations_Flags.Flag3" name="method1" time="0.000">
    <system-out>
      <![CDATA[Login!!!]]>
    </system-out>
  </testcase> <!-- method1 -->
  <testcase classname="testNGAnnotations_Flags.Flag3" name="method1" time="0.000">
    <system-out>
      <![CDATA[Login!!!]]>
    </system-out>
  </testcase> <!-- method1 -->
  <testcase classname="testNGAnnotations_Flags.Flag3" name="method1" time="0.000">
    <system-out>
      <![CDATA[Login!!!]]>
    </system-out>
  </testcase> <!-- method1 -->
  <testcase classname="testNGAnnotations_Flags.Flag3" name="method1" time="0.000">
    <system-out>
      <![CDATA[Login!!!]]>
    </system-out>
  </testcase> <!-- method1 -->
  <testcase classname="testNGAnnotations_Flags.Flag3" name="method1" time="0.001">
    <system-out>
      <![CDATA[Login!!!]]>
    </system-out>
  </testcase> <!-- method1 -->
  <testcase classname="testNGAnnotations_Flags.Flag3" name="method1" time="0.003">
    <system-out>
      <![CDATA[Login!!!]]>
    </system-out>
  </testcase> <!-- method1 -->
  <testcase classname="testNGAnnotations_Flags.Flag3" name="method1" time="0.002">
    <system-out>
      <![CDATA[Login!!!]]>
    </system-out>
  </testcase> <!-- method1 -->
  <testcase classname="testNGAnnotations_Flags.Flag3" name="method1" time="0.000">
    <system-out>
      <![CDATA[Login!!!]]>
    </system-out>
  </testcase> <!-- method1 -->
  <testcase classname="testNGAnnotations_Flags.Flag3" name="method1" time="0.000">
    <system-out>
      <![CDATA[Login!!!]]>
    </system-out>
  </testcase> <!-- method1 -->
  <testcase classname="testNGAnnotations_Flags.Flag3" name="method1" time="0.001">
    <system-out>
      <![CDATA[Login!!!]]>
    </system-out>
  </testcase> <!-- method1 -->
  <testcase classname="testNGAnnotations_Flags.Flag3" name="method1" time="0.000">
    <system-out>
      <![CDATA[Login!!!]]>
    </system-out>
  </testcase> <!-- method1 -->
  <testcase classname="testNGAnnotations_Flags.Flag3" name="method1" time="0.000">
    <system-out>
      <![CDATA[Login!!!]]>
    </system-out>
  </testcase> <!-- method1 -->
  <testcase classname="testNGAnnotations_Flags.Flag3" name="method1" time="0.001">
    <system-out>
      <![CDATA[Login!!!]]>
    </system-out>
  </testcase> <!-- method1 -->
  <testcase classname="testNGAnnotations_Flags.Flag3" name="method1" time="0.001">
    <system-out>
      <![CDATA[Login!!!]]>
    </system-out>
  </testcase> <!-- method1 -->
  <testcase classname="testNGAnnotations_Flags.Flag3" name="method1" time="0.001">
    <system-out>
      <![CDATA[Login!!!]]>
    </system-out>
  </testcase> <!-- method1 -->
  <testcase classname="testNGAnnotations_Flags.Flag3" name="method1" time="0.001">
    <system-out>
      <![CDATA[Login!!!]]>
    </system-out>
  </testcase> <!-- method1 -->
  <testcase classname="testNGAnnotations_Flags.Flag3" name="method1" time="0.000">
    <system-out>
      <![CDATA[Login!!!]]>
    </system-out>
  </testcase> <!-- method1 -->
  <testcase classname="testNGAnnotations_Flags.Flag3" name="method1" time="0.001">
    <system-out>
      <![CDATA[Login!!!]]>
    </system-out>
  </testcase> <!-- method1 -->
  <testcase classname="testNGAnnotations_Flags.Flag3" name="method1" time="0.000">
    <system-out>
      <![CDATA[Login!!!]]>
    </system-out>
  </testcase> <!-- method1 -->
  <testcase classname="testNGAnnotations_Flags.Flag3" name="method1" time="0.000">
    <system-out>
      <![CDATA[Login!!!]]>
    </system-out>
  </testcase> <!-- method1 -->
  <testcase classname="testNGAnnotations_Flags.Flag3" name="method1" time="0.000">
    <system-out>
      <![CDATA[Login!!!]]>
    </system-out>
  </testcase> <!-- method1 -->
  <testcase classname="testNGAnnotations_Flags.Flag3" name="method1" time="0.000">
    <system-out>
      <![CDATA[Login!!!]]>
    </system-out>
  </testcase> <!-- method1 -->
  <testcase classname="testNGAnnotations_Flags.Flag3" name="method1" time="0.000">
    <system-out>
      <![CDATA[Login!!!]]>
    </system-out>
  </testcase> <!-- method1 -->
  <testcase classname="testNGAnnotations_Flags.Flag3" name="method1" time="0.001">
    <system-out>
      <![CDATA[Login!!!]]>
    </system-out>
  </testcase> <!-- method1 -->
  <testcase classname="testNGAnnotations_Flags.Flag3" name="method1" time="0.001">
    <system-out>
      <![CDATA[Login!!!]]>
    </system-out>
  </testcase> <!-- method1 -->
  <testcase classname="testNGAnnotations_Flags.Flag3" name="method1" time="0.000">
    <system-out>
      <![CDATA[Login!!!]]>
    </system-out>
  </testcase> <!-- method1 -->
  <testcase classname="testNGAnnotations_Flags.Flag3" name="method1" time="0.015">
    <system-out>
      <![CDATA[Login!!!]]>
    </system-out>
  </testcase> <!-- method1 -->
  <testcase classname="testNGAnnotations_Flags.Flag3" name="method1" time="0.000">
    <system-out>
      <![CDATA[Login!!!]]>
    </system-out>
  </testcase> <!-- method1 -->
  <testcase classname="testNGAnnotations_Flags.Flag3" name="method1" time="0.000">
    <system-out>
      <![CDATA[Login!!!]]>
    </system-out>
  </testcase> <!-- method1 -->
  <testcase classname="testNGAnnotations_Flags.Flag3" name="method1" time="0.000">
    <system-out>
      <![CDATA[Login!!!]]>
    </system-out>
  </testcase> <!-- method1 -->
  <testcase classname="testNGAnnotations_Flags.Flag3" name="method1" time="0.000">
    <system-out>
      <![CDATA[Login!!!]]>
    </system-out>
  </testcase> <!-- method1 -->
  <testcase classname="testNGAnnotations_Flags.Flag3" name="method1" time="0.000">
    <system-out>
      <![CDATA[Login!!!]]>
    </system-out>
  </testcase> <!-- method1 -->
  <testcase classname="testNGAnnotations_Flags.Flag3" name="method1" time="0.001">
    <system-out>
      <![CDATA[Login!!!]]>
    </system-out>
  </testcase> <!-- method1 -->
  <testcase classname="testNGAnnotations_Flags.Flag3" name="method1" time="0.001">
    <system-out>
      <![CDATA[Login!!!]]>
    </system-out>
  </testcase> <!-- method1 -->
  <testcase classname="testNGAnnotations_Flags.Flag3" name="method1" time="0.000">
    <system-out>
      <![CDATA[Login!!!]]>
    </system-out>
  </testcase> <!-- method1 -->
  <testcase classname="testNGAnnotations_Flags.Flag3" name="method1" time="0.000">
    <system-out>
      <![CDATA[Login!!!]]>
    </system-out>
  </testcase> <!-- method1 -->
  <testcase classname="testNGAnnotations_Flags.Flag3" name="method1" time="0.000">
    <system-out>
      <![CDATA[Login!!!]]>
    </system-out>
  </testcase> <!-- method1 -->
  <testcase classname="testNGAnnotations_Flags.Flag3" name="method1" time="0.001">
    <system-out>
      <![CDATA[Login!!!]]>
    </system-out>
  </testcase> <!-- method1 -->
  <testcase classname="testNGAnnotations_Flags.Flag3" name="method1" time="0.000">
    <system-out>
      <![CDATA[Login!!!]]>
    </system-out>
  </testcase> <!-- method1 -->
  <testcase classname="testNGAnnotations_Flags.Flag3" name="method1" time="0.000">
    <system-out>
      <![CDATA[Login!!!]]>
    </system-out>
  </testcase> <!-- method1 -->
  <testcase classname="testNGAnnotations_Flags.Flag3" name="method1" time="0.001">
    <system-out>
      <![CDATA[Login!!!]]>
    </system-out>
  </testcase> <!-- method1 -->
  <testcase classname="testNGAnnotations_Flags.Flag3" name="method1" time="0.000">
    <system-out>
      <![CDATA[Login!!!]]>
    </system-out>
  </testcase> <!-- method1 -->
  <testcase classname="testNGAnnotations_Flags.Flag3" name="method1" time="0.000">
    <system-out>
      <![CDATA[Login!!!]]>
    </system-out>
  </testcase> <!-- method1 -->
  <testcase classname="testNGAnnotations_Flags.Flag3" name="method1" time="0.000">
    <system-out>
      <![CDATA[Login!!!]]>
    </system-out>
  </testcase> <!-- method1 -->
  <testcase classname="testNGAnnotations_Flags.Flag3" name="method1" time="0.000">
    <system-out>
      <![CDATA[Login!!!]]>
    </system-out>
  </testcase> <!-- method1 -->
  <testcase classname="testNGAnnotations_Flags.Flag3" name="method1" time="0.002">
    <system-out>
      <![CDATA[Login!!!]]>
    </system-out>
  </testcase> <!-- method1 -->
  <testcase classname="testNGAnnotations_Flags.Flag3" name="method1" time="0.001">
    <system-out>
      <![CDATA[Login!!!]]>
    </system-out>
  </testcase> <!-- method1 -->
  <testcase classname="testNGAnnotations_Flags.Flag3" name="method1" time="0.001">
    <system-out>
      <![CDATA[Login!!!]]>
    </system-out>
  </testcase> <!-- method1 -->
  <testcase classname="testNGAnnotations_Flags.Flag3" name="method1" time="0.000">
    <system-out>
      <![CDATA[Login!!!]]>
    </system-out>
  </testcase> <!-- method1 -->
  <testcase classname="testNGAnnotations_Flags.Flag3" name="method1" time="0.001">
    <system-out>
      <![CDATA[Login!!!]]>
    </system-out>
  </testcase> <!-- method1 -->
  <testcase classname="testNGAnnotations_Flags.Flag3" name="method1" time="0.000">
    <system-out>
      <![CDATA[Login!!!]]>
    </system-out>
  </testcase> <!-- method1 -->
  <testcase classname="testNGAnnotations_Flags.Flag3" name="method1" time="0.000">
    <system-out>
      <![CDATA[Login!!!]]>
    </system-out>
  </testcase> <!-- method1 -->
  <testcase classname="testNGAnnotations_Flags.Flag3" name="method1" time="0.000">
    <system-out>
      <![CDATA[Login!!!]]>
    </system-out>
  </testcase> <!-- method1 -->
  <testcase classname="testNGAnnotations_Flags.Flag3" name="method1" time="0.001">
    <system-out>
      <![CDATA[Login!!!]]>
    </system-out>
  </testcase> <!-- method1 -->
  <testcase classname="testNGAnnotations_Flags.Flag3" name="method1" time="0.002">
    <system-out>
      <![CDATA[Login!!!]]>
    </system-out>
  </testcase> <!-- method1 -->
  <testcase classname="testNGAnnotations_Flags.Flag3" name="method1" time="0.000">
    <system-out>
      <![CDATA[Login!!!]]>
    </system-out>
  </testcase> <!-- method1 -->
  <testcase classname="testNGAnnotations_Flags.Flag3" name="method1" time="0.005">
    <system-out>
      <![CDATA[Login!!!]]>
    </system-out>
  </testcase> <!-- method1 -->
  <testcase classname="testNGAnnotations_Flags.Flag3" name="method1" time="0.000">
    <system-out>
      <![CDATA[Login!!!]]>
    </system-out>
  </testcase> <!-- method1 -->
  <testcase classname="testNGAnnotations_Flags.Flag3" name="method1" time="0.001">
    <system-out>
      <![CDATA[Login!!!]]>
    </system-out>
  </testcase> <!-- method1 -->
  <testcase classname="testNGAnnotations_Flags.Flag3" name="method1" time="0.000">
    <system-out>
      <![CDATA[Login!!!]]>
    </system-out>
  </testcase> <!-- method1 -->
  <testcase classname="testNGAnnotations_Flags.Flag3" name="method1" time="0.001">
    <system-out>
      <![CDATA[Login!!!]]>
    </system-out>
  </testcase> <!-- method1 -->
  <testcase classname="testNGAnnotations_Flags.Flag3" name="method1" time="0.001">
    <system-out>
      <![CDATA[Login!!!]]>
    </system-out>
  </testcase> <!-- method1 -->
  <testcase classname="testNGAnnotations_Flags.Flag3" name="method1" time="0.001">
    <system-out>
      <![CDATA[Login!!!]]>
    </system-out>
  </testcase> <!-- method1 -->
  <testcase classname="testNGAnnotations_Flags.Flag3" name="method1" time="0.000">
    <system-out>
      <![CDATA[Login!!!]]>
    </system-out>
  </testcase> <!-- method1 -->
  <testcase classname="testNGAnnotations_Flags.Flag3" name="method1" time="0.000">
    <system-out>
      <![CDATA[Login!!!]]>
    </system-out>
  </testcase> <!-- method1 -->
  <testcase classname="testNGAnnotations_Flags.Flag3" name="method1" time="0.000">
    <system-out>
      <![CDATA[Login!!!]]>
    </system-out>
  </testcase> <!-- method1 -->
  <testcase classname="testNGAnnotations_Flags.Flag3" name="method1" time="0.000">
    <system-out>
      <![CDATA[Login!!!]]>
    </system-out>
  </testcase> <!-- method1 -->
  <testcase classname="testNGAnnotations_Flags.Flag3" name="method1" time="0.002">
    <system-out>
      <![CDATA[Login!!!]]>
    </system-out>
  </testcase> <!-- method1 -->
  <testcase classname="testNGAnnotations_Flags.Flag3" name="method1" time="0.001">
    <system-out>
      <![CDATA[Login!!!]]>
    </system-out>
  </testcase> <!-- method1 -->
  <testcase classname="testNGAnnotations_Flags.Flag3" name="method1" time="0.001">
    <system-out>
      <![CDATA[Login!!!]]>
    </system-out>
  </testcase> <!-- method1 -->
  <testcase classname="testNGAnnotations_Flags.Flag3" name="method1" time="0.000">
    <system-out>
      <![CDATA[Login!!!]]>
    </system-out>
  </testcase> <!-- method1 -->
  <testcase classname="testNGAnnotations_Flags.Flag3" name="method1" time="0.000">
    <system-out>
      <![CDATA[Login!!!]]>
    </system-out>
  </testcase> <!-- method1 -->
  <testcase classname="testNGAnnotations_Flags.Flag3" name="method1" time="0.000">
    <system-out>
      <![CDATA[Login!!!]]>
    </system-out>
  </testcase> <!-- method1 -->
  <testcase classname="testNGAnnotations_Flags.Flag3" name="method1" time="0.000">
    <system-out>
      <![CDATA[Login!!!]]>
    </system-out>
  </testcase> <!-- method1 -->
  <testcase classname="testNGAnnotations_Flags.Flag3" name="method1" time="0.001">
    <system-out>
      <![CDATA[Login!!!]]>
    </system-out>
  </testcase> <!-- method1 -->
  <testcase classname="testNGAnnotations_Flags.Flag3" name="method1" time="0.001">
    <system-out>
      <![CDATA[Login!!!]]>
    </system-out>
  </testcase> <!-- method1 -->
  <testcase classname="testNGAnnotations_Flags.Flag3" name="method1" time="0.001">
    <system-out>
      <![CDATA[Login!!!]]>
    </system-out>
  </testcase> <!-- method1 -->
  <testcase classname="testNGAnnotations_Flags.Flag3" name="method1" time="0.000">
    <system-out>
      <![CDATA[Login!!!]]>
    </system-out>
  </testcase> <!-- method1 -->
  <testcase classname="testNGAnnotations_Flags.Flag3" name="method1" time="0.000">
    <system-out>
      <![CDATA[Login!!!]]>
    </system-out>
  </testcase> <!-- method1 -->
  <testcase classname="testNGAnnotations_Flags.Flag3" name="method1" time="0.000">
    <system-out>
      <![CDATA[Login!!!]]>
    </system-out>
  </testcase> <!-- method1 -->
  <testcase classname="testNGAnnotations_Flags.Flag3" name="method1" time="0.002">
    <system-out>
      <![CDATA[Login!!!]]>
    </system-out>
  </testcase> <!-- method1 -->
  <testcase classname="testNGAnnotations_Flags.Flag3" name="method1" time="0.000">
    <system-out>
      <![CDATA[Login!!!]]>
    </system-out>
  </testcase> <!-- method1 -->
  <testcase classname="testNGAnnotations_Flags.Flag3" name="method1" time="0.000">
    <system-out>
      <![CDATA[Login!!!]]>
    </system-out>
  </testcase> <!-- method1 -->
  <testcase classname="testNGAnnotations_Flags.Flag3" name="method1" time="0.000">
    <system-out>
      <![CDATA[Login!!!]]>
    </system-out>
  </testcase> <!-- method1 -->
  <testcase classname="testNGAnnotations_Flags.Flag3" name="method1" time="0.001">
    <system-out>
      <![CDATA[Login!!!]]>
    </system-out>
  </testcase> <!-- method1 -->
  <testcase classname="testNGAnnotations_Flags.Flag3" name="method1" time="0.012">
    <system-out>
      <![CDATA[Login!!!]]>
    </system-out>
  </testcase> <!-- method1 -->
  <testcase classname="testNGAnnotations_Flags.Flag3" name="method1" time="0.000">
    <system-out>
      <![CDATA[Login!!!]]>
    </system-out>
  </testcase> <!-- method1 -->
  <testcase classname="testNGAnnotations_Flags.Flag3" name="method1" time="0.000">
    <system-out>
      <![CDATA[Login!!!]]>
    </system-out>
  </testcase> <!-- method1 -->
  <testcase classname="testNGAnnotations_Flags.Flag3" name="method1" time="0.002">
    <system-out>
      <![CDATA[Login!!!]]>
    </system-out>
  </testcase> <!-- method1 -->
  <testcase classname="testNGAnnotations_Flags.Flag3" name="method1" time="0.001">
    <system-out>
      <![CDATA[Login!!!]]>
    </system-out>
  </testcase> <!-- method1 -->
  <testcase classname="testNGAnnotations_Flags.Flag3" name="method1" time="0.000">
    <system-out>
      <![CDATA[Login!!!]]>
    </system-out>
  </testcase> <!-- method1 -->
  <testcase classname="testNGAnnotations_Flags.Flag3" name="method1" time="0.000">
    <system-out>
      <![CDATA[Login!!!]]>
    </system-out>
  </testcase> <!-- method1 -->
  <testcase classname="testNGAnnotations_Flags.Flag3" name="method1" time="0.001">
    <system-out>
      <![CDATA[Login!!!]]>
    </system-out>
  </testcase> <!-- method1 -->
  <testcase classname="testNGAnnotations_Flags.Flag3" name="method1" time="0.000">
    <system-out>
      <![CDATA[Login!!!]]>
    </system-out>
  </testcase> <!-- method1 -->
  <testcase classname="testNGAnnotations_Flags.Flag3" name="method1" time="0.000">
    <system-out>
      <![CDATA[Login!!!]]>
    </system-out>
  </testcase> <!-- method1 -->
  <testcase classname="testNGAnnotations_Flags.Flag3" name="method1" time="0.000">
    <system-out>
      <![CDATA[Login!!!]]>
    </system-out>
  </testcase> <!-- method1 -->
  <testcase classname="testNGAnnotations_Flags.Flag3" name="method1" time="0.000">
    <system-out>
      <![CDATA[Login!!!]]>
    </system-out>
  </testcase> <!-- method1 -->
  <testcase classname="testNGAnnotations_Flags.Flag3" name="method1" time="0.000">
    <system-out>
      <![CDATA[Login!!!]]>
    </system-out>
  </testcase> <!-- method1 -->
  <testcase classname="testNGAnnotations_Flags.Flag3" name="method1" time="0.000">
    <system-out>
      <![CDATA[Login!!!]]>
    </system-out>
  </testcase> <!-- method1 -->
  <testcase classname="testNGAnnotations_Flags.Flag3" name="method1" time="0.000">
    <system-out>
      <![CDATA[Login!!!]]>
    </system-out>
  </testcase> <!-- method1 -->
  <testcase classname="testNGAnnotations_Flags.Flag3" name="method1" time="0.000">
    <system-out>
      <![CDATA[Login!!!]]>
    </system-out>
  </testcase> <!-- method1 -->
  <testcase classname="testNGAnnotations_Flags.Flag3" name="method1" time="0.000">
    <system-out>
      <![CDATA[Login!!!]]>
    </system-out>
  </testcase> <!-- method1 -->
  <testcase classname="testNGAnnotations_Flags.Flag3" name="method1" time="0.000">
    <system-out>
      <![CDATA[Login!!!]]>
    </system-out>
  </testcase> <!-- method1 -->
  <testcase classname="testNGAnnotations_Flags.Flag3" name="method1" time="0.000">
    <system-out>
      <![CDATA[Login!!!]]>
    </system-out>
  </testcase> <!-- method1 -->
  <testcase classname="testNGAnnotations_Flags.Flag3" name="method1" time="0.001">
    <system-out>
      <![CDATA[Login!!!]]>
    </system-out>
  </testcase> <!-- method1 -->
  <testcase classname="testNGAnnotations_Flags.Flag3" name="method1" time="0.002">
    <system-out>
      <![CDATA[Login!!!]]>
    </system-out>
  </testcase> <!-- method1 -->
  <testcase classname="testNGAnnotations_Flags.Flag3" name="method1" time="0.000">
    <system-out>
      <![CDATA[Login!!!]]>
    </system-out>
  </testcase> <!-- method1 -->
  <testcase classname="testNGAnnotations_Flags.Flag3" name="method1" time="0.000">
    <system-out>
      <![CDATA[Login!!!]]>
    </system-out>
  </testcase> <!-- method1 -->
  <testcase classname="testNGAnnotations_Flags.Flag3" name="method1" time="0.000">
    <system-out>
      <![CDATA[Login!!!]]>
    </system-out>
  </testcase> <!-- method1 -->
  <testcase classname="testNGAnnotations_Flags.Flag3" name="method1" time="0.000">
    <system-out>
      <![CDATA[Login!!!]]>
    </system-out>
  </testcase> <!-- method1 -->
  <testcase classname="testNGAnnotations_Flags.Flag3" name="method1" time="0.001">
    <system-out>
      <![CDATA[Login!!!]]>
    </system-out>
  </testcase> <!-- method1 -->
  <testcase classname="testNGAnnotations_Flags.Flag3" name="method1" time="0.001">
    <system-out>
      <![CDATA[Login!!!]]>
    </system-out>
  </testcase> <!-- method1 -->
  <testcase classname="testNGAnnotations_Flags.Flag3" name="method1" time="0.000">
    <system-out>
      <![CDATA[Login!!!]]>
    </system-out>
  </testcase> <!-- method1 -->
  <testcase classname="testNGAnnotations_Flags.Flag3" name="method1" time="0.001">
    <system-out>
      <![CDATA[Login!!!]]>
    </system-out>
  </testcase> <!-- method1 -->
  <testcase classname="testNGAnnotations_Flags.Flag3" name="method1" time="0.000">
    <system-out>
      <![CDATA[Login!!!]]>
    </system-out>
  </testcase> <!-- method1 -->
  <testcase classname="testNGAnnotations_Flags.Flag3" name="method1" time="0.001">
    <system-out>
      <![CDATA[Login!!!]]>
    </system-out>
  </testcase> <!-- method1 -->
  <testcase classname="testNGAnnotations_Flags.Flag3" name="method1" time="0.001">
    <system-out>
      <![CDATA[Login!!!]]>
    </system-out>
  </testcase> <!-- method1 -->
  <testcase classname="testNGAnnotations_Flags.Flag3" name="method1" time="0.000">
    <system-out>
      <![CDATA[Login!!!]]>
    </system-out>
  </testcase> <!-- method1 -->
  <testcase classname="testNGAnnotations_Flags.Flag3" name="method1" time="0.001">
    <system-out>
      <![CDATA[Login!!!]]>
    </system-out>
  </testcase> <!-- method1 -->
  <testcase classname="testNGAnnotations_Flags.Flag3" name="method1" time="0.000">
    <system-out>
      <![CDATA[Login!!!]]>
    </system-out>
  </testcase> <!-- method1 -->
  <testcase classname="testNGAnnotations_Flags.Flag3" name="method1" time="0.001">
    <system-out>
      <![CDATA[Login!!!]]>
    </system-out>
  </testcase> <!-- method1 -->
  <testcase classname="testNGAnnotations_Flags.Flag3" name="method1" time="0.001">
    <system-out>
      <![CDATA[Login!!!]]>
    </system-out>
  </testcase> <!-- method1 -->
  <testcase classname="testNGAnnotations_Flags.Flag3" name="method1" time="0.000">
    <system-out>
      <![CDATA[Login!!!]]>
    </system-out>
  </testcase> <!-- method1 -->
  <testcase classname="testNGAnnotations_Flags.Flag3" name="method1" time="0.000">
    <system-out>
      <![CDATA[Login!!!]]>
    </system-out>
  </testcase> <!-- method1 -->
  <testcase classname="testNGAnnotations_Flags.Flag3" name="method1" time="0.000">
    <system-out>
      <![CDATA[Login!!!]]>
    </system-out>
  </testcase> <!-- method1 -->
  <testcase classname="testNGAnnotations_Flags.Flag3" name="method1" time="0.000">
    <system-out>
      <![CDATA[Login!!!]]>
    </system-out>
  </testcase> <!-- method1 -->
  <testcase classname="testNGAnnotations_Flags.Flag3" name="method1" time="0.000">
    <system-out>
      <![CDATA[Login!!!]]>
    </system-out>
  </testcase> <!-- method1 -->
  <testcase classname="testNGAnnotations_Flags.Flag3" name="method1" time="0.000">
    <system-out>
      <![CDATA[Login!!!]]>
    </system-out>
  </testcase> <!-- method1 -->
  <testcase classname="testNGAnnotations_Flags.Flag3" name="method1" time="0.000">
    <system-out>
      <![CDATA[Login!!!]]>
    </system-out>
  </testcase> <!-- method1 -->
  <testcase classname="testNGAnnotations_Flags.Flag3" name="method1" time="0.000">
    <system-out>
      <![CDATA[Login!!!]]>
    </system-out>
  </testcase> <!-- method1 -->
  <testcase classname="testNGAnnotations_Flags.Flag3" name="method1" time="0.000">
    <system-out>
      <![CDATA[Login!!!]]>
    </system-out>
  </testcase> <!-- method1 -->
  <testcase classname="testNGAnnotations_Flags.Flag3" name="method1" time="0.001">
    <system-out>
      <![CDATA[Login!!!]]>
    </system-out>
  </testcase> <!-- method1 -->
  <testcase classname="testNGAnnotations_Flags.Flag3" name="method1" time="0.000">
    <system-out>
      <![CDATA[Login!!!]]>
    </system-out>
  </testcase> <!-- method1 -->
  <testcase classname="testNGAnnotations_Flags.Flag3" name="method1" time="0.001">
    <system-out>
      <![CDATA[Login!!!]]>
    </system-out>
  </testcase> <!-- method1 -->
  <testcase classname="testNGAnnotations_Flags.Flag3" name="method1" time="0.000">
    <system-out>
      <![CDATA[Login!!!]]>
    </system-out>
  </testcase> <!-- method1 -->
  <testcase classname="testNGAnnotations_Flags.Flag3" name="method1" time="0.000">
    <system-out>
      <![CDATA[Login!!!]]>
    </system-out>
  </testcase> <!-- method1 -->
  <testcase classname="testNGAnnotations_Flags.Flag3" name="method1" time="0.000">
    <system-out>
      <![CDATA[Login!!!]]>
    </system-out>
  </testcase> <!-- method1 -->
  <testcase classname="testNGAnnotations_Flags.Flag3" name="method1" time="0.000">
    <system-out>
      <![CDATA[Login!!!]]>
    </system-out>
  </testcase> <!-- method1 -->
  <testcase classname="testNGAnnotations_Flags.Flag3" name="method1" time="0.000">
    <system-out>
      <![CDATA[Login!!!]]>
    </system-out>
  </testcase> <!-- method1 -->
  <testcase classname="testNGAnnotations_Flags.Flag3" name="method1" time="0.000">
    <system-out>
      <![CDATA[Login!!!]]>
    </system-out>
  </testcase> <!-- method1 -->
  <testcase classname="testNGAnnotations_Flags.Flag3" name="method1" time="0.001">
    <system-out>
      <![CDATA[Login!!!]]>
    </system-out>
  </testcase> <!-- method1 -->
  <testcase classname="testNGAnnotations_Flags.Flag3" name="method1" time="0.001">
    <system-out>
      <![CDATA[Login!!!]]>
    </system-out>
  </testcase> <!-- method1 -->
  <testcase classname="testNGAnnotations_Flags.Flag3" name="method1" time="0.000">
    <system-out>
      <![CDATA[Login!!!]]>
    </system-out>
  </testcase> <!-- method1 -->
  <testcase classname="testNGAnnotations_Flags.Flag3" name="method1" time="0.000">
    <system-out>
      <![CDATA[Login!!!]]>
    </system-out>
  </testcase> <!-- method1 -->
  <testcase classname="testNGAnnotations_Flags.Flag3" name="method1" time="0.002">
    <system-out>
      <![CDATA[Login!!!]]>
    </system-out>
  </testcase> <!-- method1 -->
  <testcase classname="testNGAnnotations_Flags.Flag3" name="method1" time="0.000">
    <system-out>
      <![CDATA[Login!!!]]>
    </system-out>
  </testcase> <!-- method1 -->
  <testcase classname="testNGAnnotations_Flags.Flag3" name="method1" time="0.000">
    <system-out>
      <![CDATA[Login!!!]]>
    </system-out>
  </testcase> <!-- method1 -->
  <testcase classname="testNGAnnotations_Flags.Flag3" name="method1" time="0.000">
    <system-out>
      <![CDATA[Login!!!]]>
    </system-out>
  </testcase> <!-- method1 -->
  <testcase classname="testNGAnnotations_Flags.Flag3" name="method1" time="0.000">
    <system-out>
      <![CDATA[Login!!!]]>
    </system-out>
  </testcase> <!-- method1 -->
  <testcase classname="testNGAnnotations_Flags.Flag3" name="method1" time="0.000">
    <system-out>
      <![CDATA[Login!!!]]>
    </system-out>
  </testcase> <!-- method1 -->
  <testcase classname="testNGAnnotations_Flags.Flag3" name="method1" time="0.000">
    <system-out>
      <![CDATA[Login!!!]]>
    </system-out>
  </testcase> <!-- method1 -->
  <testcase classname="testNGAnnotations_Flags.Flag3" name="method1" time="0.000">
    <system-out>
      <![CDATA[Login!!!]]>
    </system-out>
  </testcase> <!-- method1 -->
  <testcase classname="testNGAnnotations_Flags.Flag3" name="method1" time="0.000">
    <system-out>
      <![CDATA[Login!!!]]>
    </system-out>
  </testcase> <!-- method1 -->
  <testcase classname="testNGAnnotations_Flags.Flag3" name="method1" time="0.001">
    <system-out>
      <![CDATA[Login!!!]]>
    </system-out>
  </testcase> <!-- method1 -->
  <testcase classname="testNGAnnotations_Flags.Flag3" name="method1" time="0.001">
    <system-out>
      <![CDATA[Login!!!]]>
    </system-out>
  </testcase> <!-- method1 -->
  <testcase classname="testNGAnnotations_Flags.Flag3" name="method1" time="0.000">
    <system-out>
      <![CDATA[Login!!!]]>
    </system-out>
  </testcase> <!-- method1 -->
  <testcase classname="testNGAnnotations_Flags.Flag3" name="method1" time="0.000">
    <system-out>
      <![CDATA[Login!!!]]>
    </system-out>
  </testcase> <!-- method1 -->
  <testcase classname="testNGAnnotations_Flags.Flag3" name="method1" time="0.001">
    <system-out>
      <![CDATA[Login!!!]]>
    </system-out>
  </testcase> <!-- method1 -->
  <testcase classname="testNGAnnotations_Flags.Flag3" name="method1" time="0.001">
    <system-out>
      <![CDATA[Login!!!]]>
    </system-out>
  </testcase> <!-- method1 -->
  <testcase classname="testNGAnnotations_Flags.Flag3" name="method1" time="0.001">
    <system-out>
      <![CDATA[Login!!!]]>
    </system-out>
  </testcase> <!-- method1 -->
  <testcase classname="testNGAnnotations_Flags.Flag3" name="method1" time="0.000">
    <system-out>
      <![CDATA[Login!!!]]>
    </system-out>
  </testcase> <!-- method1 -->
  <testcase classname="testNGAnnotations_Flags.Flag3" name="method1" time="0.000">
    <system-out>
      <![CDATA[Login!!!]]>
    </system-out>
  </testcase> <!-- method1 -->
  <testcase classname="testNGAnnotations_Flags.Flag3" name="method1" time="0.000">
    <system-out>
      <![CDATA[Login!!!]]>
    </system-out>
  </testcase> <!-- method1 -->
  <testcase classname="testNGAnnotations_Flags.Flag3" name="method1" time="0.003">
    <system-out>
      <![CDATA[Login!!!]]>
    </system-out>
  </testcase> <!-- method1 -->
  <testcase classname="testNGAnnotations_Flags.Flag3" name="method1" time="0.000">
    <system-out>
      <![CDATA[Login!!!]]>
    </system-out>
  </testcase> <!-- method1 -->
  <testcase classname="testNGAnnotations_Flags.Flag3" name="method1" time="0.000">
    <system-out>
      <![CDATA[Login!!!]]>
    </system-out>
  </testcase> <!-- method1 -->
  <testcase classname="testNGAnnotations_Flags.Flag3" name="method1" time="0.000">
    <system-out>
      <![CDATA[Login!!!]]>
    </system-out>
  </testcase> <!-- method1 -->
  <testcase classname="testNGAnnotations_Flags.Flag3" name="method1" time="0.000">
    <system-out>
      <![CDATA[Login!!!]]>
    </system-out>
  </testcase> <!-- method1 -->
  <testcase classname="testNGAnnotations_Flags.Flag3" name="method1" time="0.000">
    <system-out>
      <![CDATA[Login!!!]]>
    </system-out>
  </testcase> <!-- method1 -->
  <testcase classname="testNGAnnotations_Flags.Flag3" name="method1" time="0.000">
    <system-out>
      <![CDATA[Login!!!]]>
    </system-out>
  </testcase> <!-- method1 -->
  <testcase classname="testNGAnnotations_Flags.Flag3" name="method1" time="0.000">
    <system-out>
      <![CDATA[Login!!!]]>
    </system-out>
  </testcase> <!-- method1 -->
  <testcase classname="testNGAnnotations_Flags.Flag3" name="method1" time="0.000">
    <system-out>
      <![CDATA[Login!!!]]>
    </system-out>
  </testcase> <!-- method1 -->
  <testcase classname="testNGAnnotations_Flags.Flag3" name="method1" time="0.000">
    <system-out>
      <![CDATA[Login!!!]]>
    </system-out>
  </testcase> <!-- method1 -->
  <testcase classname="testNGAnnotations_Flags.Flag3" name="method1" time="0.001">
    <system-out>
      <![CDATA[Login!!!]]>
    </system-out>
  </testcase> <!-- method1 -->
  <testcase classname="testNGAnnotations_Flags.Flag3" name="method1" time="0.002">
    <system-out>
      <![CDATA[Login!!!]]>
    </system-out>
  </testcase> <!-- method1 -->
  <testcase classname="testNGAnnotations_Flags.Flag3" name="method1" time="0.000">
    <system-out>
      <![CDATA[Login!!!]]>
    </system-out>
  </testcase> <!-- method1 -->
  <testcase classname="testNGAnnotations_Flags.Flag3" name="method1" time="0.002">
    <system-out>
      <![CDATA[Login!!!]]>
    </system-out>
  </testcase> <!-- method1 -->
  <testcase classname="testNGAnnotations_Flags.Flag3" name="method1" time="0.002">
    <system-out>
      <![CDATA[Login!!!]]>
    </system-out>
  </testcase> <!-- method1 -->
  <testcase classname="testNGAnnotations_Flags.Flag3" name="method1" time="0.000">
    <system-out>
      <![CDATA[Login!!!]]>
    </system-out>
  </testcase> <!-- method1 -->
  <testcase classname="testNGAnnotations_Flags.Flag3" name="method1" time="0.001">
    <system-out>
      <![CDATA[Login!!!]]>
    </system-out>
  </testcase> <!-- method1 -->
  <testcase classname="testNGAnnotations_Flags.Flag3" name="method1" time="0.001">
    <system-out>
      <![CDATA[Login!!!]]>
    </system-out>
  </testcase> <!-- method1 -->
  <testcase classname="testNGAnnotations_Flags.Flag3" name="method1" time="0.001">
    <system-out>
      <![CDATA[Login!!!]]>
    </system-out>
  </testcase> <!-- method1 -->
  <testcase classname="testNGAnnotations_Flags.Flag3" name="method1" time="0.000">
    <system-out>
      <![CDATA[Login!!!]]>
    </system-out>
  </testcase> <!-- method1 -->
  <testcase classname="testNGAnnotations_Flags.Flag3" name="method1" time="0.002">
    <system-out>
      <![CDATA[Login!!!]]>
    </system-out>
  </testcase> <!-- method1 -->
  <testcase classname="testNGAnnotations_Flags.Flag3" name="method1" time="0.001">
    <system-out>
      <![CDATA[Login!!!]]>
    </system-out>
  </testcase> <!-- method1 -->
  <testcase classname="testNGAnnotations_Flags.Flag3" name="method1" time="0.001">
    <system-out>
      <![CDATA[Login!!!]]>
    </system-out>
  </testcase> <!-- method1 -->
  <testcase classname="testNGAnnotations_Flags.Flag3" name="method1" time="0.000">
    <system-out>
      <![CDATA[Login!!!]]>
    </system-out>
  </testcase> <!-- method1 -->
  <testcase classname="testNGAnnotations_Flags.Flag3" name="method1" time="0.001">
    <system-out>
      <![CDATA[Login!!!]]>
    </system-out>
  </testcase> <!-- method1 -->
  <testcase classname="testNGAnnotations_Flags.Flag3" name="method1" time="0.000">
    <system-out>
      <![CDATA[Login!!!]]>
    </system-out>
  </testcase> <!-- method1 -->
  <testcase classname="testNGAnnotations_Flags.Flag3" name="method1" time="0.001">
    <system-out>
      <![CDATA[Login!!!]]>
    </system-out>
  </testcase> <!-- method1 -->
  <testcase classname="testNGAnnotations_Flags.Flag3" name="method1" time="0.001">
    <system-out>
      <![CDATA[Login!!!]]>
    </system-out>
  </testcase> <!-- method1 -->
  <testcase classname="testNGAnnotations_Flags.Flag3" name="method1" time="0.001">
    <system-out>
      <![CDATA[Login!!!]]>
    </system-out>
  </testcase> <!-- method1 -->
  <testcase classname="testNGAnnotations_Flags.Flag3" name="method1" time="0.000">
    <system-out>
      <![CDATA[Login!!!]]>
    </system-out>
  </testcase> <!-- method1 -->
  <testcase classname="testNGAnnotations_Flags.Flag3" name="method1" time="0.000">
    <system-out>
      <![CDATA[Login!!!]]>
    </system-out>
  </testcase> <!-- method1 -->
  <testcase classname="testNGAnnotations_Flags.Flag3" name="method1" time="0.001">
    <system-out>
      <![CDATA[Login!!!]]>
    </system-out>
  </testcase> <!-- method1 -->
  <testcase classname="testNGAnnotations_Flags.Flag3" name="method1" time="0.000">
    <system-out>
      <![CDATA[Login!!!]]>
    </system-out>
  </testcase> <!-- method1 -->
  <testcase classname="testNGAnnotations_Flags.Flag3" name="method1" time="0.003">
    <system-out>
      <![CDATA[Login!!!]]>
    </system-out>
  </testcase> <!-- method1 -->
  <testcase classname="testNGAnnotations_Flags.Flag3" name="method1" time="0.000">
    <system-out>
      <![CDATA[Login!!!]]>
    </system-out>
  </testcase> <!-- method1 -->
  <testcase classname="testNGAnnotations_Flags.Flag3" name="method1" time="0.000">
    <system-out>
      <![CDATA[Login!!!]]>
    </system-out>
  </testcase> <!-- method1 -->
  <testcase classname="testNGAnnotations_Flags.Flag3" name="method1" time="0.000">
    <system-out>
      <![CDATA[Login!!!]]>
    </system-out>
  </testcase> <!-- method1 -->
  <testcase classname="testNGAnnotations_Flags.Flag3" name="method1" time="0.001">
    <system-out>
      <![CDATA[Login!!!]]>
    </system-out>
  </testcase> <!-- method1 -->
  <testcase classname="testNGAnnotations_Flags.Flag3" name="method1" time="0.000">
    <system-out>
      <![CDATA[Login!!!]]>
    </system-out>
  </testcase> <!-- method1 -->
  <testcase classname="testNGAnnotations_Flags.Flag3" name="method1" time="0.000">
    <system-out>
      <![CDATA[Login!!!]]>
    </system-out>
  </testcase> <!-- method1 -->
  <testcase classname="testNGAnnotations_Flags.Flag3" name="method1" time="0.000">
    <system-out>
      <![CDATA[Login!!!]]>
    </system-out>
  </testcase> <!-- method1 -->
  <testcase classname="testNGAnnotations_Flags.Flag3" name="method1" time="0.001">
    <system-out>
      <![CDATA[Login!!!]]>
    </system-out>
  </testcase> <!-- method1 -->
  <testcase classname="testNGAnnotations_Flags.Flag3" name="method1" time="0.000">
    <system-out>
      <![CDATA[Login!!!]]>
    </system-out>
  </testcase> <!-- method1 -->
  <testcase classname="testNGAnnotations_Flags.Flag3" name="method1" time="0.001">
    <system-out>
      <![CDATA[Login!!!]]>
    </system-out>
  </testcase> <!-- method1 -->
  <testcase classname="testNGAnnotations_Flags.Flag3" name="method1" time="0.000">
    <system-out>
      <![CDATA[Login!!!]]>
    </system-out>
  </testcase> <!-- method1 -->
  <testcase classname="testNGAnnotations_Flags.Flag3" name="method1" time="0.000">
    <system-out>
      <![CDATA[Login!!!]]>
    </system-out>
  </testcase> <!-- method1 -->
  <testcase classname="testNGAnnotations_Flags.Flag3" name="method1" time="0.001">
    <system-out>
      <![CDATA[Login!!!]]>
    </system-out>
  </testcase> <!-- method1 -->
  <testcase classname="testNGAnnotations_Flags.Flag3" name="method1" time="0.000">
    <system-out>
      <![CDATA[Login!!!]]>
    </system-out>
  </testcase> <!-- method1 -->
  <testcase classname="testNGAnnotations_Flags.Flag3" name="method1" time="0.001">
    <system-out>
      <![CDATA[Login!!!]]>
    </system-out>
  </testcase> <!-- method1 -->
  <testcase classname="testNGAnnotations_Flags.Flag3" name="method1" time="0.001">
    <system-out>
      <![CDATA[Login!!!]]>
    </system-out>
  </testcase> <!-- method1 -->
  <testcase classname="testNGAnnotations_Flags.Flag3" name="method1" time="0.000">
    <system-out>
      <![CDATA[Login!!!]]>
    </system-out>
  </testcase> <!-- method1 -->
  <testcase classname="testNGAnnotations_Flags.Flag3" name="method1" time="0.001">
    <system-out>
      <![CDATA[Login!!!]]>
    </system-out>
  </testcase> <!-- method1 -->
  <testcase classname="testNGAnnotations_Flags.Flag3" name="method1" time="0.001">
    <system-out>
      <![CDATA[Login!!!]]>
    </system-out>
  </testcase> <!-- method1 -->
  <testcase classname="testNGAnnotations_Flags.Flag3" name="method1" time="0.000">
    <system-out>
      <![CDATA[Login!!!]]>
    </system-out>
  </testcase> <!-- method1 -->
  <testcase classname="testNGAnnotations_Flags.Flag3" name="method1" time="0.000">
    <system-out>
      <![CDATA[Login!!!]]>
    </system-out>
  </testcase> <!-- method1 -->
  <testcase classname="testNGAnnotations_Flags.Flag3" name="method1" time="0.001">
    <system-out>
      <![CDATA[Login!!!]]>
    </system-out>
  </testcase> <!-- method1 -->
  <testcase classname="testNGAnnotations_Flags.Flag3" name="method1" time="0.000">
    <system-out>
      <![CDATA[Login!!!]]>
    </system-out>
  </testcase> <!-- method1 -->
  <testcase classname="testNGAnnotations_Flags.Flag3" name="method1" time="0.000">
    <system-out>
      <![CDATA[Login!!!]]>
    </system-out>
  </testcase> <!-- method1 -->
  <testcase classname="testNGAnnotations_Flags.Flag3" name="method1" time="0.000">
    <system-out>
      <![CDATA[Login!!!]]>
    </system-out>
  </testcase> <!-- method1 -->
  <testcase classname="testNGAnnotations_Flags.Flag3" name="method1" time="0.003">
    <system-out>
      <![CDATA[Login!!!]]>
    </system-out>
  </testcase> <!-- method1 -->
  <testcase classname="testNGAnnotations_Flags.Flag3" name="method1" time="0.000">
    <system-out>
      <![CDATA[Login!!!]]>
    </system-out>
  </testcase> <!-- method1 -->
  <testcase classname="testNGAnnotations_Flags.Flag3" name="method1" time="0.000">
    <system-out>
      <![CDATA[Login!!!]]>
    </system-out>
  </testcase> <!-- method1 -->
  <testcase classname="testNGAnnotations_Flags.Flag3" name="method1" time="0.000">
    <system-out>
      <![CDATA[Login!!!]]>
    </system-out>
  </testcase> <!-- method1 -->
  <testcase classname="testNGAnnotations_Flags.Flag3" name="method1" time="0.000">
    <system-out>
      <![CDATA[Login!!!]]>
    </system-out>
  </testcase> <!-- method1 -->
  <testcase classname="testNGAnnotations_Flags.Flag3" name="method1" time="0.002">
    <system-out>
      <![CDATA[Login!!!]]>
    </system-out>
  </testcase> <!-- method1 -->
  <testcase classname="testNGAnnotations_Flags.Flag3" name="method1" time="0.000">
    <system-out>
      <![CDATA[Login!!!]]>
    </system-out>
  </testcase> <!-- method1 -->
  <testcase classname="testNGAnnotations_Flags.Flag3" name="method1" time="0.000">
    <system-out>
      <![CDATA[Login!!!]]>
    </system-out>
  </testcase> <!-- method1 -->
  <testcase classname="testNGAnnotations_Flags.Flag3" name="method1" time="0.006">
    <system-out>
      <![CDATA[Login!!!]]>
    </system-out>
  </testcase> <!-- method1 -->
  <testcase classname="testNGAnnotations_Flags.Flag3" name="method1" time="0.001">
    <system-out>
      <![CDATA[Login!!!]]>
    </system-out>
  </testcase> <!-- method1 -->
  <testcase classname="testNGAnnotations_Flags.Flag3" name="method1" time="0.000">
    <system-out>
      <![CDATA[Login!!!]]>
    </system-out>
  </testcase> <!-- method1 -->
  <testcase classname="testNGAnnotations_Flags.Flag3" name="method1" time="0.000">
    <system-out>
      <![CDATA[Login!!!]]>
    </system-out>
  </testcase> <!-- method1 -->
  <testcase classname="testNGAnnotations_Flags.Flag3" name="method1" time="0.000">
    <system-out>
      <![CDATA[Login!!!]]>
    </system-out>
  </testcase> <!-- method1 -->
  <testcase classname="testNGAnnotations_Flags.Flag3" name="method1" time="0.000">
    <system-out>
      <![CDATA[Login!!!]]>
    </system-out>
  </testcase> <!-- method1 -->
  <testcase classname="testNGAnnotations_Flags.Flag3" name="method1" time="0.000">
    <system-out>
      <![CDATA[Login!!!]]>
    </system-out>
  </testcase> <!-- method1 -->
  <testcase classname="testNGAnnotations_Flags.Flag3" name="method1" time="0.001">
    <system-out>
      <![CDATA[Login!!!]]>
    </system-out>
  </testcase> <!-- method1 -->
  <testcase classname="testNGAnnotations_Flags.Flag3" name="method1" time="0.000">
    <system-out>
      <![CDATA[Login!!!]]>
    </system-out>
  </testcase> <!-- method1 -->
  <testcase classname="testNGAnnotations_Flags.Flag3" name="method1" time="0.006">
    <system-out>
      <![CDATA[Login!!!]]>
    </system-out>
  </testcase> <!-- method1 -->
  <testcase classname="testNGAnnotations_Flags.Flag3" name="method1" time="0.000">
    <system-out>
      <![CDATA[Login!!!]]>
    </system-out>
  </testcase> <!-- method1 -->
  <testcase classname="testNGAnnotations_Flags.Flag3" name="method1" time="0.000">
    <system-out>
      <![CDATA[Login!!!]]>
    </system-out>
  </testcase> <!-- method1 -->
  <testcase classname="testNGAnnotations_Flags.Flag3" name="method1" time="0.000">
    <system-out>
      <![CDATA[Login!!!]]>
    </system-out>
  </testcase> <!-- method1 -->
  <testcase classname="testNGAnnotations_Flags.Flag3" name="method1" time="0.000">
    <system-out>
      <![CDATA[Login!!!]]>
    </system-out>
  </testcase> <!-- method1 -->
  <testcase classname="testNGAnnotations_Flags.Flag3" name="method1" time="0.000">
    <system-out>
      <![CDATA[Login!!!]]>
    </system-out>
  </testcase> <!-- method1 -->
  <testcase classname="testNGAnnotations_Flags.Flag3" name="method1" time="0.000">
    <system-out>
      <![CDATA[Login!!!]]>
    </system-out>
  </testcase> <!-- method1 -->
  <testcase classname="testNGAnnotations_Flags.Flag3" name="method1" time="0.000">
    <system-out>
      <![CDATA[Login!!!]]>
    </system-out>
  </testcase> <!-- method1 -->
  <testcase classname="testNGAnnotations_Flags.Flag3" name="method1" time="0.001">
    <system-out>
      <![CDATA[Login!!!]]>
    </system-out>
  </testcase> <!-- method1 -->
  <testcase classname="testNGAnnotations_Flags.Flag3" name="method1" time="0.002">
    <system-out>
      <![CDATA[Login!!!]]>
    </system-out>
  </testcase> <!-- method1 -->
  <testcase classname="testNGAnnotations_Flags.Flag3" name="method1" time="0.001">
    <system-out>
      <![CDATA[Login!!!]]>
    </system-out>
  </testcase> <!-- method1 -->
  <testcase classname="testNGAnnotations_Flags.Flag3" name="method1" time="0.003">
    <system-out>
      <![CDATA[Login!!!]]>
    </system-out>
  </testcase> <!-- method1 -->
  <testcase classname="testNGAnnotations_Flags.Flag3" name="method1" time="0.000">
    <system-out>
      <![CDATA[Login!!!]]>
    </system-out>
  </testcase> <!-- method1 -->
  <testcase classname="testNGAnnotations_Flags.Flag3" name="method1" time="0.000">
    <system-out>
      <![CDATA[Login!!!]]>
    </system-out>
  </testcase> <!-- method1 -->
  <testcase classname="testNGAnnotations_Flags.Flag3" name="method1" time="0.000">
    <system-out>
      <![CDATA[Login!!!]]>
    </system-out>
  </testcase> <!-- method1 -->
  <testcase classname="testNGAnnotations_Flags.Flag3" name="method1" time="0.009">
    <system-out>
      <![CDATA[Login!!!]]>
    </system-out>
  </testcase> <!-- method1 -->
  <testcase classname="testNGAnnotations_Flags.Flag3" name="method1" time="0.001">
    <system-out>
      <![CDATA[Login!!!]]>
    </system-out>
  </testcase> <!-- method1 -->
  <testcase classname="testNGAnnotations_Flags.Flag3" name="method1" time="0.001">
    <system-out>
      <![CDATA[Login!!!]]>
    </system-out>
  </testcase> <!-- method1 -->
  <testcase classname="testNGAnnotations_Flags.Flag3" name="method1" time="0.001">
    <system-out>
      <![CDATA[Login!!!]]>
    </system-out>
  </testcase> <!-- method1 -->
  <testcase classname="testNGAnnotations_Flags.Flag3" name="method1" time="0.001">
    <system-out>
      <![CDATA[Login!!!]]>
    </system-out>
  </testcase> <!-- method1 -->
  <testcase classname="testNGAnnotations_Flags.Flag3" name="method1" time="0.000">
    <system-out>
      <![CDATA[Login!!!]]>
    </system-out>
  </testcase> <!-- method1 -->
  <testcase classname="testNGAnnotations_Flags.Flag3" name="method1" time="0.001">
    <system-out>
      <![CDATA[Login!!!]]>
    </system-out>
  </testcase> <!-- method1 -->
  <testcase classname="testNGAnnotations_Flags.Flag3" name="method1" time="0.000">
    <system-out>
      <![CDATA[Login!!!]]>
    </system-out>
  </testcase> <!-- method1 -->
  <testcase classname="testNGAnnotations_Flags.Flag3" name="method1" time="0.000">
    <system-out>
      <![CDATA[Login!!!]]>
    </system-out>
  </testcase> <!-- method1 -->
  <testcase classname="testNGAnnotations_Flags.Flag3" name="method1" time="0.000">
    <system-out>
      <![CDATA[Login!!!]]>
    </system-out>
  </testcase> <!-- method1 -->
  <testcase classname="testNGAnnotations_Flags.Flag3" name="method1" time="0.001">
    <system-out>
      <![CDATA[Login!!!]]>
    </system-out>
  </testcase> <!-- method1 -->
  <testcase classname="testNGAnnotations_Flags.Flag3" name="method1" time="0.002">
    <system-out>
      <![CDATA[Login!!!]]>
    </system-out>
  </testcase> <!-- method1 -->
  <testcase classname="testNGAnnotations_Flags.Flag3" name="method1" time="0.000">
    <system-out>
      <![CDATA[Login!!!]]>
    </system-out>
  </testcase> <!-- method1 -->
  <testcase classname="testNGAnnotations_Flags.Flag3" name="method1" time="0.001">
    <system-out>
      <![CDATA[Login!!!]]>
    </system-out>
  </testcase> <!-- method1 -->
  <testcase classname="testNGAnnotations_Flags.Flag3" name="method1" time="0.000">
    <system-out>
      <![CDATA[Login!!!]]>
    </system-out>
  </testcase> <!-- method1 -->
  <testcase classname="testNGAnnotations_Flags.Flag3" name="method1" time="0.000">
    <system-out>
      <![CDATA[Login!!!]]>
    </system-out>
  </testcase> <!-- method1 -->
  <testcase classname="testNGAnnotations_Flags.Flag3" name="method1" time="0.000">
    <system-out>
      <![CDATA[Login!!!]]>
    </system-out>
  </testcase> <!-- method1 -->
  <testcase classname="testNGAnnotations_Flags.Flag3" name="method1" time="0.000">
    <system-out>
      <![CDATA[Login!!!]]>
    </system-out>
  </testcase> <!-- method1 -->
  <testcase classname="testNGAnnotations_Flags.Flag3" name="method1" time="0.001">
    <system-out>
      <![CDATA[Login!!!]]>
    </system-out>
  </testcase> <!-- method1 -->
  <testcase classname="testNGAnnotations_Flags.Flag3" name="method1" time="0.001">
    <system-out>
      <![CDATA[Login!!!]]>
    </system-out>
  </testcase> <!-- method1 -->
  <testcase classname="testNGAnnotations_Flags.Flag3" name="method1" time="0.001">
    <system-out>
      <![CDATA[Login!!!]]>
    </system-out>
  </testcase> <!-- method1 -->
  <testcase classname="testNGAnnotations_Flags.Flag3" name="method1" time="0.001">
    <system-out>
      <![CDATA[Login!!!]]>
    </system-out>
  </testcase> <!-- method1 -->
  <testcase classname="testNGAnnotations_Flags.Flag3" name="method1" time="0.001">
    <system-out>
      <![CDATA[Login!!!]]>
    </system-out>
  </testcase> <!-- method1 -->
  <testcase classname="testNGAnnotations_Flags.Flag3" name="method1" time="0.001">
    <system-out>
      <![CDATA[Login!!!]]>
    </system-out>
  </testcase> <!-- method1 -->
  <testcase classname="testNGAnnotations_Flags.Flag3" name="method1" time="0.000">
    <system-out>
      <![CDATA[Login!!!]]>
    </system-out>
  </testcase> <!-- method1 -->
  <testcase classname="testNGAnnotations_Flags.Flag3" name="method1" time="0.000">
    <system-out>
      <![CDATA[Login!!!]]>
    </system-out>
  </testcase> <!-- method1 -->
  <testcase classname="testNGAnnotations_Flags.Flag3" name="method1" time="0.000">
    <system-out>
      <![CDATA[Login!!!]]>
    </system-out>
  </testcase> <!-- method1 -->
  <testcase classname="testNGAnnotations_Flags.Flag3" name="method1" time="0.000">
    <system-out>
      <![CDATA[Login!!!]]>
    </system-out>
  </testcase> <!-- method1 -->
  <testcase classname="testNGAnnotations_Flags.Flag3" name="method1" time="0.000">
    <system-out>
      <![CDATA[Login!!!]]>
    </system-out>
  </testcase> <!-- method1 -->
  <testcase classname="testNGAnnotations_Flags.Flag3" name="method1" time="0.000">
    <system-out>
      <![CDATA[Login!!!]]>
    </system-out>
  </testcase> <!-- method1 -->
  <testcase classname="testNGAnnotations_Flags.Flag3" name="method1" time="0.002">
    <system-out>
      <![CDATA[Login!!!]]>
    </system-out>
  </testcase> <!-- method1 -->
  <testcase classname="testNGAnnotations_Flags.Flag3" name="method1" time="0.001">
    <system-out>
      <![CDATA[Login!!!]]>
    </system-out>
  </testcase> <!-- method1 -->
  <testcase classname="testNGAnnotations_Flags.Flag3" name="method1" time="0.001">
    <system-out>
      <![CDATA[Login!!!]]>
    </system-out>
  </testcase> <!-- method1 -->
  <testcase classname="testNGAnnotations_Flags.Flag3" name="method1" time="0.000">
    <system-out>
      <![CDATA[Login!!!]]>
    </system-out>
  </testcase> <!-- method1 -->
  <testcase classname="testNGAnnotations_Flags.Flag3" name="method1" time="0.000">
    <system-out>
      <![CDATA[Login!!!]]>
    </system-out>
  </testcase> <!-- method1 -->
  <testcase classname="testNGAnnotations_Flags.Flag3" name="method1" time="0.000">
    <system-out>
      <![CDATA[Login!!!]]>
    </system-out>
  </testcase> <!-- method1 -->
  <testcase classname="testNGAnnotations_Flags.Flag3" name="method1" time="0.000">
    <system-out>
      <![CDATA[Login!!!]]>
    </system-out>
  </testcase> <!-- method1 -->
  <testcase classname="testNGAnnotations_Flags.Flag3" name="method1" time="0.000">
    <system-out>
      <![CDATA[Login!!!]]>
    </system-out>
  </testcase> <!-- method1 -->
  <testcase classname="testNGAnnotations_Flags.Flag3" name="method1" time="0.000">
    <system-out>
      <![CDATA[Login!!!]]>
    </system-out>
  </testcase> <!-- method1 -->
  <testcase classname="testNGAnnotations_Flags.Flag3" name="method1" time="0.001">
    <system-out>
      <![CDATA[Login!!!]]>
    </system-out>
  </testcase> <!-- method1 -->
  <testcase classname="testNGAnnotations_Flags.Flag3" name="method1" time="0.002">
    <system-out>
      <![CDATA[Login!!!]]>
    </system-out>
  </testcase> <!-- method1 -->
[...]
  </testcase> <!-- method1 -->
  <testcase classname="testNGAnnotations_Flags.Flag3" name="method1" time="0.000">
    <system-out>
      <![CDATA[Login!!!]]>
    </system-out>
  </testcase> <!-- method1 -->
  <testcase classname="testNGAnnotations_Flags.Flag3" name="method1" time="0.001">
    <system-out>
      <![CDATA[Login!!!]]>
    </system-out>
  </testcase> <!-- method1 -->
  <testcase classname="testNGAnnotations_Flags.Flag3" name="method1" time="0.000">
    <system-out>
      <![CDATA[Login!!!]]>
    </system-out>
  </testcase> <!-- method1 -->
  <testcase classname="testNGAnnotations_Flags.Flag3" name="method1" time="0.000">
    <system-out>
      <![CDATA[Login!!!]]>
    </system-out>
  </testcase> <!-- method1 -->
  <testcase classname="testNGAnnotations_Flags.Flag3" name="method1" time="0.001">
    <system-out>
      <![CDATA[Login!!!]]>
    </system-out>
  </testcase> <!-- method1 -->
  <testcase classname="testNGAnnotations_Flags.Flag3" name="method1" time="0.001">
    <system-out>
      <![CDATA[Login!!!]]>
    </system-out>
  </testcase> <!-- method1 -->
  <testcase classname="testNGAnnotations_Flags.Flag3" name="method1" time="0.001">
    <system-out>
      <![CDATA[Login!!!]]>
    </system-out>
  </testcase> <!-- method1 -->
  <testcase classname="testNGAnnotations_Flags.Flag3" name="method1" time="0.001">
    <system-out>
      <![CDATA[Login!!!]]>
    </system-out>
  </testcase> <!-- method1 -->
  <testcase classname="testNGAnnotations_Flags.Flag3" name="method1" time="0.000">
    <system-out>
      <![CDATA[Login!!!]]>
    </system-out>
  </testcase> <!-- method1 -->
  <testcase classname="testNGAnnotations_Flags.Flag3" name="method1" time="0.000">
    <system-out>
      <![CDATA[Login!!!]]>
    </system-out>
  </testcase> <!-- method1 -->
  <testcase classname="testNGAnnotations_Flags.Flag3" name="method1" time="0.000">
    <system-out>
      <![CDATA[Login!!!]]>
    </system-out>
  </testcase> <!-- method1 -->
  <testcase classname="testNGAnnotations_Flags.Flag3" name="method1" time="0.000">
    <system-out>
      <![CDATA[Login!!!]]>
    </system-out>
  </testcase> <!-- method1 -->
  <testcase classname="testNGAnnotations_Flags.Flag3" name="method1" time="0.001">
    <system-out>
      <![CDATA[Login!!!]]>
    </system-out>
  </testcase> <!-- method1 -->
  <testcase classname="testNGAnnotations_Flags.Flag3" name="method1" time="0.000">
    <system-out>
      <![CDATA[Login!!!]]>
    </system-out>
  </testcase> <!-- method1 -->
  <testcase classname="testNGAnnotations_Flags.Flag3" name="method1" time="0.001">
    <system-out>
      <![CDATA[Login!!!]]>
    </system-out>
  </testcase> <!-- method1 -->
  <testcase classname="testNGAnnotations_Flags.Flag3" name="method1" time="0.001">
    <system-out>
      <![CDATA[Login!!!]]>
    </system-out>
  </testcase> <!-- method1 -->
  <testcase classname="testNGAnnotations_Flags.Flag3" name="method1" time="0.000">
    <system-out>
      <![CDATA[Login!!!]]>
    </system-out>
  </testcase> <!-- method1 -->
  <testcase classname="testNGAnnotations_Flags.Flag3" name="method1" time="0.000">
    <system-out>
      <![CDATA[Login!!!]]>
    </system-out>
  </testcase> <!-- method1 -->
  <testcase classname="testNGAnnotations_Flags.Flag3" name="method1" time="0.001">
    <system-out>
      <![CDATA[Login!!!]]>
    </system-out>
  </testcase> <!-- method1 -->
  <testcase classname="testNGAnnotations_Flags.Flag3" name="method1" time="0.000">
    <system-out>
      <![CDATA[Login!!!]]>
    </system-out>
  </testcase> <!-- method1 -->
  <testcase classname="testNGAnnotations_Flags.Flag3" name="method1" time="0.000">
    <system-out>
      <![CDATA[Login!!!]]>
    </system-out>
  </testcase> <!-- method1 -->
  <testcase classname="testNGAnnotations_Flags.Flag3" name="method1" time="0.001">
    <system-out>
      <![CDATA[Login!!!]]>
    </system-out>
  </testcase> <!-- method1 -->
  <testcase classname="testNGAnnotations_Flags.Flag3" name="method1" time="0.000">
    <system-out>
      <![CDATA[Login!!!]]>
    </system-out>
  </testcase> <!-- method1 -->
  <testcase classname="testNGAnnotations_Flags.Flag3" name="method1" time="0.001">
    <system-out>
      <![CDATA[Login!!!]]>
    </system-out>
  </testcase> <!-- method1 -->
  <testcase classname="testNGAnnotations_Flags.Flag3" name="method1" time="0.001">
    <system-out>
      <![CDATA[Login!!!]]>
    </system-out>
  </testcase> <!-- method1 -->
  <testcase classname="testNGAnnotations_Flags.Flag3" name="method1" time="0.000">
    <system-out>
      <![CDATA[Login!!!]]>
    </system-out>
  </testcase> <!-- method1 -->
  <testcase classname="testNGAnnotations_Flags.Flag3" name="method1" time="0.000">
    <system-out>
      <![CDATA[Login!!!]]>
    </system-out>
  </testcase> <!-- method1 -->
  <testcase classname="testNGAnnotations_Flags.Flag3" name="method1" time="0.000">
    <system-out>
      <![CDATA[Login!!!]]>
    </system-out>
  </testcase> <!-- method1 -->
  <testcase classname="testNGAnnotations_Flags.Flag3" name="method1" time="0.000">
    <system-out>
      <![CDATA[Login!!!]]>
    </system-out>
  </testcase> <!-- method1 -->
  <testcase classname="testNGAnnotations_Flags.Flag3" name="method1" time="0.002">
    <system-out>
      <![CDATA[Login!!!]]>
    </system-out>
  </testcase> <!-- method1 -->
  <testcase classname="testNGAnnotations_Flags.Flag3" name="method1" time="0.001">
    <system-out>
      <![CDATA[Login!!!]]>
    </system-out>
  </testcase> <!-- method1 -->
  <testcase classname="testNGAnnotations_Flags.Flag3" name="method1" time="0.000">
    <system-out>
      <![CDATA[Login!!!]]>
    </system-out>
  </testcase> <!-- method1 -->
  <testcase classname="testNGAnnotations_Flags.Flag3" name="method1" time="0.001">
    <system-out>
      <![CDATA[Login!!!]]>
    </system-out>
  </testcase> <!-- method1 -->
  <testcase classname="testNGAnnotations_Flags.Flag3" name="method1" time="0.000">
    <system-out>
      <![CDATA[Login!!!]]>
    </system-out>
  </testcase> <!-- method1 -->
  <testcase classname="testNGAnnotations_Flags.Flag3" name="method1" time="0.001">
    <system-out>
      <![CDATA[Login!!!]]>
    </system-out>
  </testcase> <!-- method1 -->
  <testcase classname="testNGAnnotations_Flags.Flag3" name="method1" time="0.000">
    <system-out>
      <![CDATA[Login!!!]]>
    </system-out>
  </testcase> <!-- method1 -->
  <testcase classname="testNGAnnotations_Flags.Flag3" name="method1" time="0.000">
    <system-out>
      <![CDATA[Login!!!]]>
    </system-out>
  </testcase> <!-- method1 -->
  <testcase classname="testNGAnnotations_Flags.Flag3" name="method1" time="0.000">
    <system-out>
      <![CDATA[Login!!!]]>
    </system-out>
  </testcase> <!-- method1 -->
  <testcase classname="testNGAnnotations_Flags.Flag3" name="method1" time="0.001">
    <system-out>
      <![CDATA[Login!!!]]>
    </system-out>
  </testcase> <!-- method1 -->
  <testcase classname="testNGAnnotations_Flags.Flag3" name="method1" time="0.001">
    <system-out>
      <![CDATA[Login!!!]]>
    </system-out>
  </testcase> <!-- method1 -->
  <testcase classname="testNGAnnotations_Flags.Flag3" name="method1" time="0.000">
    <system-out>
      <![CDATA[Login!!!]]>
    </system-out>
  </testcase> <!-- method1 -->
  <testcase classname="testNGAnnotations_Flags.Flag3" name="method1" time="0.000">
    <system-out>
      <![CDATA[Login!!!]]>
    </system-out>
  </testcase> <!-- method1 -->
  <testcase classname="testNGAnnotations_Flags.Flag3" name="method1" time="0.000">
    <system-out>
      <![CDATA[Login!!!]]>
    </system-out>
  </testcase> <!-- method1 -->
  <testcase classname="testNGAnnotations_Flags.Flag3" name="method1" time="0.002">
    <system-out>
      <![CDATA[Login!!!]]>
    </system-out>
  </testcase> <!-- method1 -->
  <testcase classname="testNGAnnotations_Flags.Flag3" name="method1" time="0.001">
    <system-out>
      <![CDATA[Login!!!]]>
    </system-out>
  </testcase> <!-- method1 -->
  <testcase classname="testNGAnnotations_Flags.Flag3" name="method1" time="0.001">
    <system-out>
      <![CDATA[Login!!!]]>
    </system-out>
  </testcase> <!-- method1 -->
  <testcase classname="testNGAnnotations_Flags.Flag3" name="method1" time="0.003">
    <system-out>
      <![CDATA[Login!!!]]>
    </system-out>
  </testcase> <!-- method1 -->
  <testcase classname="testNGAnnotations_Flags.Flag3" name="method1" time="0.001">
    <system-out>
      <![CDATA[Login!!!]]>
    </system-out>
  </testcase> <!-- method1 -->
  <testcase classname="testNGAnnotations_Flags.Flag3" name="method1" time="0.000">
    <system-out>
      <![CDATA[Login!!!]]>
    </system-out>
  </testcase> <!-- method1 -->
  <testcase classname="testNGAnnotations_Flags.Flag3" name="method1" time="0.000">
    <system-out>
      <![CDATA[Login!!!]]>
    </system-out>
  </testcase> <!-- method1 -->
  <testcase classname="testNGAnnotations_Flags.Flag3" name="method1" time="0.001">
    <system-out>
      <![CDATA[Login!!!]]>
    </system-out>
  </testcase> <!-- method1 -->
  <testcase classname="testNGAnnotations_Flags.Flag3" name="method1" time="0.001">
    <system-out>
      <![CDATA[Login!!!]]>
    </system-out>
  </testcase> <!-- method1 -->
  <testcase classname="testNGAnnotations_Flags.Flag3" name="method1" time="0.001">
    <system-out>
      <![CDATA[Login!!!]]>
    </system-out>
  </testcase> <!-- method1 -->
  <testcase classname="testNGAnnotations_Flags.Flag3" name="method1" time="0.000">
    <system-out>
      <![CDATA[Login!!!]]>
    </system-out>
  </testcase> <!-- method1 -->
  <testcase classname="testNGAnnotations_Flags.Flag3" name="method1" time="0.000">
    <system-out>
      <![CDATA[Login!!!]]>
    </system-out>
  </testcase> <!-- method1 -->
  <testcase classname="testNGAnnotations_Flags.Flag3" name="method1" time="0.000">
    <system-out>
      <![CDATA[Login!!!]]>
    </system-out>
  </testcase> <!-- method1 -->
  <testcase classname="testNGAnnotations_Flags.Flag3" name="method1" time="0.001">
    <system-out>
      <![CDATA[Login!!!]]>
    </system-out>
  </testcase> <!-- method1 -->
  <testcase classname="testNGAnnotations_Flags.Flag3" name="method1" time="0.000">
    <system-out>
      <![CDATA[Login!!!]]>
    </system-out>
  </testcase> <!-- method1 -->
  <testcase classname="testNGAnnotations_Flags.Flag3" name="method1" time="0.000">
    <system-out>
      <![CDATA[Login!!!]]>
    </system-out>
  </testcase> <!-- method1 -->
  <testcase classname="testNGAnnotations_Flags.Flag3" name="method1" time="0.000">
    <system-out>
      <![CDATA[Login!!!]]>
    </system-out>
  </testcase> <!-- method1 -->
  <system-out>
    <![CDATA[Login!!!
Login!!!
Login!!!
Login!!!
Login!!!
Login!!!
Login!!!
Login!!!
Login!!!
Login!!!
Login!!!
Login!!!
Login!!!
Login!!!
Login!!!
Login!!!
Login!!!
Login!!!
Login!!!
Login!!!
Login!!!
Login!!!
Login!!!
Login!!!
Login!!!
Login!!!
Login!!!
Login!!!
Login!!!
Login!!!
Login!!!
Login!!!
Login!!!
Login!!!
Login!!!
Login!!!
Login!!!
Login!!!
Login!!!
Login!!!
Login!!!
Login!!!
Login!!!
Login!!!
Login!!!
Login!!!
Login!!!
Login!!!
Login!!!
Login!!!
Login!!!
Login!!!
Login!!!
Login!!!
Login!!!
Login!!!
Login!!!
Login!!!
Login!!!
Login!!!
Login!!!
Login!!!
Login!!!
Login!!!
Login!!!
Login!!!
Login!!!
Login!!!
Login!!!
Login!!!
Login!!!
Login!!!
Login!!!
Login!!!
Login!!!
Login!!!
Login!!!
Login!!!
Login!!!
Login!!!
Login!!!
Login!!!
Login!!!
Login!!!
Login!!!
Login!!!
Login!!!
Login!!!
Login!!!
Login!!!
Login!!!
Login!!!
Login!!!
Login!!!
Login!!!
Login!!!
Login!!!
Login!!!
Login!!!
Login!!!
Login!!!
Login!!!
Login!!!
Login!!!
Login!!!
Login!!!
Login!!!
Login!!!
Login!!!
Login!!!
Login!!!
Login!!!
Login!!!
Login!!!
Login!!!
Login!!!
Login!!!
Login!!!
Login!!!
Login!!!
Login!!!
Login!!!
Login!!!
Login!!!
Login!!!
Login!!!
Login!!!
Login!!!
Login!!!
Login!!!
Login!!!
Login!!!
Login!!!
Login!!!
Login!!!
Login!!!
Login!!!
Login!!!
Login!!!
Login!!!
Login!!!
Login!!!
Login!!!
Login!!!
Login!!!
Login!!!
Login!!!
Login!!!
Login!!!
Login!!!
Login!!!
Login!!!
Login!!!
Login!!!
Login!!!
Login!!!
Login!!!
Login!!!
Login!!!
Login!!!
Login!!!
Login!!!
Login!!!
Login!!!
Login!!!
Login!!!
Login!!!
Login!!!
Login!!!
Login!!!
Login!!!
Login!!!
Login!!!
Login!!!
Login!!!
Login!!!
Login!!!
Login!!!
Login!!!
Login!!!
Login!!!
Login!!!
Login!!!
Login!!!
Login!!!
Login!!!
Login!!!
Login!!!
Login!!!
Login!!!
Login!!!
Login!!!
Login!!!
Login!!!
Login!!!
Login!!!
Login!!!
Login!!!
Login!!!
Login!!!
Login!!!
Login!!!
Login!!!
Login!!!
Login!!!
Login!!!
Login!!!
Login!!!
Login!!!
Login!!!
Login!!!
Login!!!
Login!!!
Login!!!
Login!!!
Login!!!
Login!!!
Login!!!
Login!!!
Login!!!
Login!!!
Login!!!
Login!!!
Login!!!
Login!!!
Login!!!
Login!!!
Login!!!
Login!!!
Login!!!
Login!!!
Login!!!
Login!!!
Login!!!
Login!!!
Login!!!
Login!!!
Login!!!
Login!!!
Login!!!
Login!!!
Login!!!
Login!!!
Login!!!
Login!!!
Login!!!
Login!!!
Login!!!
Login!!!
Login!!!
Login!!!
Login!!!
Login!!!
Login!!!
Login!!!
Login!!!
Login!!!
Login!!!
Login!!!
Login!!!
Login!!!
Login!!!
Login!!!
Login!!!
Login!!!
Login!!!
Login!!!
Login!!!
Login!!!
Login!!!
Login!!!
Login!!!
Login!!!
Login!!!
Login!!!
Login!!!
Login!!!
Login!!!
Login!!!
Login!!!
Login!!!
Login!!!
Login!!!
Login!!!
Login!!!
Login!!!
Login!!!
Login!!!
Login!!!
Login!!!
Login!!!
Login!!!
Login!!!
Login!!!
Login!!!
Login!!!
Login!!!
Login!!!
Login!!!
Login!!!
Login!!!
Login!!!
Login!!!
Login!!!
Login!!!
Login!!!
Login!!!
Login!!!
Login!!!
Login!!!
Login!!!
Login!!!
Login!!!
Login!!!
Login!!!
Login!!!
Login!!!
Login!!!
Login!!!
Login!!!
Login!!!
Login!!!
Login!!!
Login!!!
Login!!!
Login!!!
Login!!!
Login!!!
Login!!!
Login!!!
Login!!!
Login!!!
Login!!!
Login!!!
Login!!!
Login!!!
Login!!!
Login!!!
Login!!!
Login!!!
Login!!!
Login!!!
Login!!!
Login!!!
Login!!!
Login!!!
Login!!!
Login!!!
Login!!!
Login!!!
Login!!!
Login!!!
Login!!!
Login!!!
Login!!!
Login!!!
Login!!!
Login!!!
Login!!!
Login!!!
Login!!!
Login!!!
Login!!!
Login!!!
Login!!!
Login!!!
Login!!!
Login!!!
Login!!!
Login!!!
Login!!!
Login!!!
Login!!!
Login!!!
Login!!!
Login!!!
Login!!!
Login!!!
Login!!!
Login!!!
Login!!!
Login!!!
Login!!!
Login!!!
Login!!!
Login!!!
Login!!!
Login!!!
Login!!!
Login!!!
Login!!!
Login!!!
Login!!!
Login!!!
Login!!!
Login!!!
Login!!!
Login!!!
Login!!!
Login!!!
Login!!!
Login!!!
Login!!!
Login!!!
Login!!!
Login!!!
Login!!!
Login!!!
Login!!!
Login!!!
Login!!!
Login!!!
Login!!!
Login!!!
Login!!!
Login!!!
Login!!!
Login!!!
Login!!!
Login!!!
Login!!!
Login!!!
Login!!!
Login!!!
Login!!!
Login!!!
Login!!!
Login!!!
Login!!!
Login!!!
Login!!!
Login!!!
Login!!!
Login!!!
Login!!!
Login!!!
Login!!!
Login!!!
Login!!!
Login!!!
Login!!!
Login!!!
Login!!!
Login!!!
Login!!!
Login!!!
Login!!!
Login!!!
Login!!!
Login!!!
Login!!!
Login!!!
Login!!!
Login!!!
Login!!!
Login!!!
Login!!!
Login!!!
Login!!!
Login!!!
Login!!!
Login!!!
Login!!!
Login!!!
Login!!!
Login!!!
Login!!!
Login!!!
Login!!!
Login!!!
Login!!!
Login!!!
Login!!!
Login!!!
Login!!!
Login!!!
Login!!!
Login!!!
Login!!!
Login!!!
Login!!!
Login!!!
Login!!!
Login!!!
Login!!!
Login!!!
Login!!!
Login!!!
Login!!!
Login!!!
Login!!!
Login!!!
Login!!!
Login!!!
Login!!!
Login!!!
Login!!!
Login!!!
Login!!!
Login!!!
Login!!!
Login!!!
Login!!!
Login!!!
Login!!!
Login!!!
Login!!!
Login!!!
Login!!!
Login!!!
Login!!!
Login!!!
Login!!!
Login!!!
Login!!!
Login!!!
Login!!!
Login!!!
Login!!!
Login!!!
Login!!!
Login!!!
Login!!!
Login!!!
Login!!!
Login!!!
Login!!!
Login!!!
Login!!!
Login!!!
Login!!!
Login!!!
Login!!!
Login!!!
Login!!!
Login!!!
Login!!!
Login!!!
Login!!!
Login!!!
Login!!!
Login!!!
Login!!!
Login!!!
Login!!!
Login!!!
Login!!!
Login!!!
Login!!!
Login!!!
Login!!!
Login!!!
Login!!!
Login!!!
Login!!!
Login!!!
Login!!!
Login!!!
Login!!!
Login!!!
Login!!!
Login!!!
Login!!!
Login!!!
Login!!!
Login!!!
Login!!!
Login!!!
Login!!!
Login!!!
Login!!!
Login!!!
Login!!!
Login!!!
Login!!!
Login!!!
Login!!!
Login!!!
Login!!!
Login!!!
Login!!!
Login!!!
Login!!!
Login!!!
Login!!!
Login!!!
Login!!!
Login!!!
Login!!!
Login!!!
Login!!!
Login!!!
Login!!!
Login!!!
Login!!!
Login!!!
Login!!!
Login!!!
Login!!!
Login!!!
Login!!!
Login!!!
Login!!!
Login!!!
Login!!!
Login!!!
Login!!!
Login!!!
Login!!!
Login!!!
Login!!!
Login!!!
Login!!!
Login!!!
Login!!!
Login!!!
Login!!!
Login!!!
Login!!!
Login!!!
Login!!!
Login!!!
Login!!!
Login!!!
Login!!!
Login!!!
Login!!!
Login!!!
Login!!!
Login!!!
Login!!!
Login!!!
Login!!!
Login!!!
Login!!!
Login!!!
Login!!!
Login!!!
Login!!!
Login!!!
Login!!!
Login!!!
Login!!!
Login!!!
Login!!!
Login!!!
Login!!!
Login!!!
Login!!!
Login!!!
Login!!!
Login!!!
Login!!!
Login!!!
Login!!!
Login!!!
Login!!!
Login!!!
Login!!!
Login!!!
Login!!!
Login!!!
Login!!!
Login!!!
Login!!!
Login!!!
Login!!!
Login!!!
Login!!!
Login!!!
Login!!!
Login!!!
Login!!!
Login!!!
Login!!!
Login!!!
Login!!!
Login!!!
Login!!!
Login!!!
Login!!!
Login!!!
Login!!!
Login!!!
Login!!!
Login!!!
Login!!!
Login!!!
Login!!!
Login!!!
Login!!!
Login!!!
Login!!!
Login!!!
Login!!!
Login!!!
Login!!!
Login!!!
Login!!!
Login!!!
Login!!!
Login!!!
Login!!!
Login!!!
Login!!!
Login!!!
Login!!!
Login!!!
Login!!!
Login!!!
Login!!!
Login!!!
Login!!!
Login!!!
Login!!!
Login!!!
Login!!!
Login!!!
Login!!!
Login!!!
Login!!!
Login!!!
Login!!!
Login!!!
Login!!!
Login!!!
Login!!!
Login!!!
Login!!!
Login!!!
Login!!!
Login!!!
Login!!!
Login!!!
Login!!!
Login!!!
Login!!!
Login!!!
Login!!!
Login!!!
Login!!!
Login!!!
Login!!!
Login!!!
Login!!!
Login!!!
Login!!!
Login!!!
Login!!!
Login!!!
Login!!!
Login!!!
Login!!!
Login!!!
Login!!!
Login!!!
Login!!!
Login!!!
Login!!!
Login!!!
Login!!!
Login!!!
Login!!!
Login!!!
Login!!!
Login!!!
Login!!!
Login!!!
Login!!!
Login!!!
Login!!!
Login!!!
Login!!!
Login!!!
Login!!!
Login!!!
Login!!!
Login!!!
Login!!!
Login!!!
Login!!!
Login!!!
Login!!!
Login!!!
Login!!!
Login!!!
Login!!!
Login!!!
Login!!!
Login!!!
Login!!!
Login!!!
Login!!!
Login!!!
Login!!!
Login!!!
Login!!!
Login!!!
Login!!!
Login!!!
Login!!!
Login!!!
Login!!!
Login!!!
Login!!!
Login!!!
Login!!!
Login!!!
Login!!!
Login!!!
Login!!!
Login!!!
Login!!!
Login!!!
Login!!!
Login!!!
Login!!!
Login!!!
Login!!!
Login!!!
Login!!!
Login!!!
Login!!!
Login!!!
Login!!!
Login!!!
Login!!!
Login!!!
Login!!!
Login!!!
Login!!!
Login!!!
Login!!!
Login!!!
Login!!!
Login!!!
Login!!!
Login!!!
Login!!!
Login!!!
Login!!!
Login!!!
Login!!!
Login!!!
Login!!!
Login!!!
Login!!!
Login!!!
Login!!!
Login!!!
Login!!!
Login!!!
Login!!!
Login!!!
Login!!!
Login!!!
Login!!!
Login!!!
Login!!!
Login!!!
Login!!!
Login!!!
Login!!!
Login!!!
Login!!!
Login!!!
Login!!!
Login!!!
Login!!!
Login!!!
Login!!!
Login!!!
Login!!!
Login!!!
Login!!!
Login!!!
Login!!!
Login!!!
Login!!!
Login!!!
Login!!!
Login!!!
Login!!!
Login!!!
Login!!!
Login!!!
Login!!!
Login!!!
Login!!!
Login!!!
Login!!!
Login!!!
Login!!!
Login!!!
Login!!!
Login!!!
Login!!!
Login!!!
Login!!!
Login!!!
Login!!!
Login!!!
Login!!!
Login!!!
Login!!!
Login!!!
Login!!!
Login!!!
Login!!!
Login!!!
Login!!!
Login!!!
Login!!!
Login!!!
Login!!!
Login!!!
Login!!!
Login!!!
Login!!!
Login!!!
Login!!!
Login!!!
Login!!!
Login!!!
Login!!!
Login!!!
Login!!!
Login!!!
Login!!!
Login!!!
Login!!!
Login!!!
Login!!!
Login!!!
Login!!!
Login!!!
Login!!!
Login!!!
Login!!!
Login!!!
Login!!!
Login!!!
Login!!!
Login!!!
Login!!!
Login!!!
Login!!!
Login!!!
Login!!!
Login!!!
Login!!!
Login!!!
Login!!!
Login!!!
Login!!!
Login!!!
Login!!!
Login!!!
Login!!!
Login!!!
Login!!!
Login!!!
Login!!!
Login!!!
Login!!!
Login!!!
Login!!!
Login!!!
Login!!!
Login!!!
Login!!!
Login!!!
Login!!!
Login!!!
Login!!!
Login!!!
Login!!!
Login!!!
Login!!!
Login!!!
Login!!!
Login!!!
Login!!!
Login!!!
Login!!!
Login!!!
Login!!!
Login!!!
Login!!!
Login!!!
Login!!!
Login!!!
Login!!!
Login!!!
Login!!!
Login!!!
Login!!!
Login!!!
Login!!!
Login!!!]]>
  </system-out>
</testsuite> <!-- testNGAnnotations_Flags.Flag3 -->
