<?xml version="1.0" encoding="UTF-8"?>
<!-- Generated by org.testng.reporters.JUnitXMLReporter -->
<testsuite ignored="1" hostname="DESKTOP-TOCA723" failures="0" tests="1" name="Test(failed)(failed)" time="0.07" errors="0" timestamp="2023-11-29T12:19:09 IST">
  <testcase classname="testNGExecutionpackage.Test2" name="method1" time="0.011"/>
  <testcase classname="testNGExecutionpackage.Test2" name="method2" time="0.0">
    <ignored/>
  </testcase> <!-- method2 -->
</testsuite> <!-- Test(failed)(failed) -->
